The system is: Linux - 4.18.0-193.28.1.el8_2.x86_64 - x86_64
Compiling the C compiler identification source file "CMakeCCompilerId.c" succeeded.
Compiler: /usr/bin/cc 
Build flags: 
Id flags:  

The output was:
0


Compilation of the C compiler identification source "CMakeCCompilerId.c" produced "a.out"

The C compiler identification is GNU, found in "/jet/home/xuan1998/CS267-Project/build/CMakeFiles/3.11.4/CompilerIdC/a.out"

Compiling the CXX compiler identification source file "CMakeCXXCompilerId.cpp" succeeded.
Compiler: /usr/bin/c++ 
Build flags: 
Id flags:  

The output was:
0


Compilation of the CXX compiler identification source "CMakeCXXCompilerId.cpp" produced "a.out"

The CXX compiler identification is GNU, found in "/jet/home/xuan1998/CS267-Project/build/CMakeFiles/3.11.4/CompilerIdCXX/a.out"

Determining if the C compiler works passed with the following output:
Change Dir: /jet/home/xuan1998/CS267-Project/build/CMakeFiles/CMakeTmp

Run Build Command:"/usr/bin/gmake" "cmTC_96683/fast"
/usr/bin/gmake -f CMakeFiles/cmTC_96683.dir/build.make CMakeFiles/cmTC_96683.dir/build
gmake[1]: Entering directory '/jet/home/xuan1998/CS267-Project/build/CMakeFiles/CMakeTmp'
Building C object CMakeFiles/cmTC_96683.dir/testCCompiler.c.o
/usr/bin/cc    -o CMakeFiles/cmTC_96683.dir/testCCompiler.c.o   -c /jet/home/xuan1998/CS267-Project/build/CMakeFiles/CMakeTmp/testCCompiler.c
Linking C executable cmTC_96683
/usr/bin/cmake -E cmake_link_script CMakeFiles/cmTC_96683.dir/link.txt --verbose=1
/usr/bin/cc      CMakeFiles/cmTC_96683.dir/testCCompiler.c.o  -o cmTC_96683 
gmake[1]: Leaving directory '/jet/home/xuan1998/CS267-Project/build/CMakeFiles/CMakeTmp'


Detecting C compiler ABI info compiled with the following output:
Change Dir: /jet/home/xuan1998/CS267-Project/build/CMakeFiles/CMakeTmp

Run Build Command:"/usr/bin/gmake" "cmTC_e4435/fast"
/usr/bin/gmake -f CMakeFiles/cmTC_e4435.dir/build.make CMakeFiles/cmTC_e4435.dir/build
gmake[1]: Entering directory '/jet/home/xuan1998/CS267-Project/build/CMakeFiles/CMakeTmp'
Building C object CMakeFiles/cmTC_e4435.dir/CMakeCCompilerABI.c.o
/usr/bin/cc    -o CMakeFiles/cmTC_e4435.dir/CMakeCCompilerABI.c.o   -c /usr/share/cmake/Modules/CMakeCCompilerABI.c
Linking C executable cmTC_e4435
/usr/bin/cmake -E cmake_link_script CMakeFiles/cmTC_e4435.dir/link.txt --verbose=1
/usr/bin/cc     -v CMakeFiles/cmTC_e4435.dir/CMakeCCompilerABI.c.o  -o cmTC_e4435 
Using built-in specs.
COLLECT_GCC=/usr/bin/cc
COLLECT_LTO_WRAPPER=/usr/libexec/gcc/x86_64-redhat-linux/8/lto-wrapper
OFFLOAD_TARGET_NAMES=nvptx-none
OFFLOAD_TARGET_DEFAULT=1
Target: x86_64-redhat-linux
Configured with: ../configure --enable-bootstrap --enable-languages=c,c++,fortran,lto --prefix=/usr --mandir=/usr/share/man --infodir=/usr/share/info --with-bugurl=http://bugzilla.redhat.com/bugzilla --enable-shared --enable-threads=posix --enable-checking=release --enable-multilib --with-system-zlib --enable-__cxa_atexit --disable-libunwind-exceptions --enable-gnu-unique-object --enable-linker-build-id --with-gcc-major-version-only --with-linker-hash-style=gnu --enable-plugin --enable-initfini-array --with-isl --disable-libmpx --enable-offload-targets=nvptx-none --without-cuda-driver --enable-gnu-indirect-function --enable-cet --with-tune=generic --with-arch_32=x86-64 --build=x86_64-redhat-linux
Thread model: posix
gcc version 8.3.1 20191121 (Red Hat 8.3.1-5) (GCC) 
COMPILER_PATH=/usr/libexec/gcc/x86_64-redhat-linux/8/:/usr/libexec/gcc/x86_64-redhat-linux/8/:/usr/libexec/gcc/x86_64-redhat-linux/:/usr/lib/gcc/x86_64-redhat-linux/8/:/usr/lib/gcc/x86_64-redhat-linux/
LIBRARY_PATH=/usr/lib/gcc/x86_64-redhat-linux/8/:/usr/lib/gcc/x86_64-redhat-linux/8/../../../../lib64/:/lib/../lib64/:/usr/lib/../lib64/:/jet/packages/spack/opt/spack/linux-centos8-zen/gcc-8.3.1/cuda-11.1.1-a6ajxenobex5bvpejykhtnfut4arfpwh/lib64/:/usr/lib/gcc/x86_64-redhat-linux/8/../../../:/lib/:/usr/lib/
COLLECT_GCC_OPTIONS='-v' '-o' 'cmTC_e4435' '-mtune=generic' '-march=x86-64'
 /usr/libexec/gcc/x86_64-redhat-linux/8/collect2 -plugin /usr/libexec/gcc/x86_64-redhat-linux/8/liblto_plugin.so -plugin-opt=/usr/libexec/gcc/x86_64-redhat-linux/8/lto-wrapper -plugin-opt=-fresolution=/tmp/cczo4wCz.res -plugin-opt=-pass-through=-lgcc -plugin-opt=-pass-through=-lgcc_s -plugin-opt=-pass-through=-lc -plugin-opt=-pass-through=-lgcc -plugin-opt=-pass-through=-lgcc_s --build-id --no-add-needed --eh-frame-hdr --hash-style=gnu -m elf_x86_64 -dynamic-linker /lib64/ld-linux-x86-64.so.2 -o cmTC_e4435 /usr/lib/gcc/x86_64-redhat-linux/8/../../../../lib64/crt1.o /usr/lib/gcc/x86_64-redhat-linux/8/../../../../lib64/crti.o /usr/lib/gcc/x86_64-redhat-linux/8/crtbegin.o -L/usr/lib/gcc/x86_64-redhat-linux/8 -L/usr/lib/gcc/x86_64-redhat-linux/8/../../../../lib64 -L/lib/../lib64 -L/usr/lib/../lib64 -L/jet/packages/spack/opt/spack/linux-centos8-zen/gcc-8.3.1/cuda-11.1.1-a6ajxenobex5bvpejykhtnfut4arfpwh/lib64 -L/usr/lib/gcc/x86_64-redhat-linux/8/../../.. CMakeFiles/cmTC_e4435.dir/CMakeCCompilerABI.c.o -lgcc --as-needed -lgcc_s --no-as-needed -lc -lgcc --as-needed -lgcc_s --no-as-needed /usr/lib/gcc/x86_64-redhat-linux/8/crtend.o /usr/lib/gcc/x86_64-redhat-linux/8/../../../../lib64/crtn.o
COLLECT_GCC_OPTIONS='-v' '-o' 'cmTC_e4435' '-mtune=generic' '-march=x86-64'
gmake[1]: Leaving directory '/jet/home/xuan1998/CS267-Project/build/CMakeFiles/CMakeTmp'


Parsed C implicit link information from above output:
  link line regex: [^( *|.*[/\])(ld|CMAKE_LINK_STARTFILE-NOTFOUND|([^/\]+-)?ld|collect2)[^/\]*( |$)]
  ignore line: [Change Dir: /jet/home/xuan1998/CS267-Project/build/CMakeFiles/CMakeTmp]
  ignore line: []
  ignore line: [Run Build Command:"/usr/bin/gmake" "cmTC_e4435/fast"]
  ignore line: [/usr/bin/gmake -f CMakeFiles/cmTC_e4435.dir/build.make CMakeFiles/cmTC_e4435.dir/build]
  ignore line: [gmake[1]: Entering directory '/jet/home/xuan1998/CS267-Project/build/CMakeFiles/CMakeTmp']
  ignore line: [Building C object CMakeFiles/cmTC_e4435.dir/CMakeCCompilerABI.c.o]
  ignore line: [/usr/bin/cc    -o CMakeFiles/cmTC_e4435.dir/CMakeCCompilerABI.c.o   -c /usr/share/cmake/Modules/CMakeCCompilerABI.c]
  ignore line: [Linking C executable cmTC_e4435]
  ignore line: [/usr/bin/cmake -E cmake_link_script CMakeFiles/cmTC_e4435.dir/link.txt --verbose=1]
  ignore line: [/usr/bin/cc     -v CMakeFiles/cmTC_e4435.dir/CMakeCCompilerABI.c.o  -o cmTC_e4435 ]
  ignore line: [Using built-in specs.]
  ignore line: [COLLECT_GCC=/usr/bin/cc]
  ignore line: [COLLECT_LTO_WRAPPER=/usr/libexec/gcc/x86_64-redhat-linux/8/lto-wrapper]
  ignore line: [OFFLOAD_TARGET_NAMES=nvptx-none]
  ignore line: [OFFLOAD_TARGET_DEFAULT=1]
  ignore line: [Target: x86_64-redhat-linux]
  ignore line: [Configured with: ../configure --enable-bootstrap --enable-languages=c,c++,fortran,lto --prefix=/usr --mandir=/usr/share/man --infodir=/usr/share/info --with-bugurl=http://bugzilla.redhat.com/bugzilla --enable-shared --enable-threads=posix --enable-checking=release --enable-multilib --with-system-zlib --enable-__cxa_atexit --disable-libunwind-exceptions --enable-gnu-unique-object --enable-linker-build-id --with-gcc-major-version-only --with-linker-hash-style=gnu --enable-plugin --enable-initfini-array --with-isl --disable-libmpx --enable-offload-targets=nvptx-none --without-cuda-driver --enable-gnu-indirect-function --enable-cet --with-tune=generic --with-arch_32=x86-64 --build=x86_64-redhat-linux]
  ignore line: [Thread model: posix]
  ignore line: [gcc version 8.3.1 20191121 (Red Hat 8.3.1-5) (GCC) ]
  ignore line: [COMPILER_PATH=/usr/libexec/gcc/x86_64-redhat-linux/8/:/usr/libexec/gcc/x86_64-redhat-linux/8/:/usr/libexec/gcc/x86_64-redhat-linux/:/usr/lib/gcc/x86_64-redhat-linux/8/:/usr/lib/gcc/x86_64-redhat-linux/]
  ignore line: [LIBRARY_PATH=/usr/lib/gcc/x86_64-redhat-linux/8/:/usr/lib/gcc/x86_64-redhat-linux/8/../../../../lib64/:/lib/../lib64/:/usr/lib/../lib64/:/jet/packages/spack/opt/spack/linux-centos8-zen/gcc-8.3.1/cuda-11.1.1-a6ajxenobex5bvpejykhtnfut4arfpwh/lib64/:/usr/lib/gcc/x86_64-redhat-linux/8/../../../:/lib/:/usr/lib/]
  ignore line: [COLLECT_GCC_OPTIONS='-v' '-o' 'cmTC_e4435' '-mtune=generic' '-march=x86-64']
  link line: [ /usr/libexec/gcc/x86_64-redhat-linux/8/collect2 -plugin /usr/libexec/gcc/x86_64-redhat-linux/8/liblto_plugin.so -plugin-opt=/usr/libexec/gcc/x86_64-redhat-linux/8/lto-wrapper -plugin-opt=-fresolution=/tmp/cczo4wCz.res -plugin-opt=-pass-through=-lgcc -plugin-opt=-pass-through=-lgcc_s -plugin-opt=-pass-through=-lc -plugin-opt=-pass-through=-lgcc -plugin-opt=-pass-through=-lgcc_s --build-id --no-add-needed --eh-frame-hdr --hash-style=gnu -m elf_x86_64 -dynamic-linker /lib64/ld-linux-x86-64.so.2 -o cmTC_e4435 /usr/lib/gcc/x86_64-redhat-linux/8/../../../../lib64/crt1.o /usr/lib/gcc/x86_64-redhat-linux/8/../../../../lib64/crti.o /usr/lib/gcc/x86_64-redhat-linux/8/crtbegin.o -L/usr/lib/gcc/x86_64-redhat-linux/8 -L/usr/lib/gcc/x86_64-redhat-linux/8/../../../../lib64 -L/lib/../lib64 -L/usr/lib/../lib64 -L/jet/packages/spack/opt/spack/linux-centos8-zen/gcc-8.3.1/cuda-11.1.1-a6ajxenobex5bvpejykhtnfut4arfpwh/lib64 -L/usr/lib/gcc/x86_64-redhat-linux/8/../../.. CMakeFiles/cmTC_e4435.dir/CMakeCCompilerABI.c.o -lgcc --as-needed -lgcc_s --no-as-needed -lc -lgcc --as-needed -lgcc_s --no-as-needed /usr/lib/gcc/x86_64-redhat-linux/8/crtend.o /usr/lib/gcc/x86_64-redhat-linux/8/../../../../lib64/crtn.o]
    arg [/usr/libexec/gcc/x86_64-redhat-linux/8/collect2] ==> ignore
    arg [-plugin] ==> ignore
    arg [/usr/libexec/gcc/x86_64-redhat-linux/8/liblto_plugin.so] ==> ignore
    arg [-plugin-opt=/usr/libexec/gcc/x86_64-redhat-linux/8/lto-wrapper] ==> ignore
    arg [-plugin-opt=-fresolution=/tmp/cczo4wCz.res] ==> ignore
    arg [-plugin-opt=-pass-through=-lgcc] ==> ignore
    arg [-plugin-opt=-pass-through=-lgcc_s] ==> ignore
    arg [-plugin-opt=-pass-through=-lc] ==> ignore
    arg [-plugin-opt=-pass-through=-lgcc] ==> ignore
    arg [-plugin-opt=-pass-through=-lgcc_s] ==> ignore
    arg [--build-id] ==> ignore
    arg [--no-add-needed] ==> ignore
    arg [--eh-frame-hdr] ==> ignore
    arg [--hash-style=gnu] ==> ignore
    arg [-m] ==> ignore
    arg [elf_x86_64] ==> ignore
    arg [-dynamic-linker] ==> ignore
    arg [/lib64/ld-linux-x86-64.so.2] ==> ignore
    arg [-o] ==> ignore
    arg [cmTC_e4435] ==> ignore
    arg [/usr/lib/gcc/x86_64-redhat-linux/8/../../../../lib64/crt1.o] ==> ignore
    arg [/usr/lib/gcc/x86_64-redhat-linux/8/../../../../lib64/crti.o] ==> ignore
    arg [/usr/lib/gcc/x86_64-redhat-linux/8/crtbegin.o] ==> ignore
    arg [-L/usr/lib/gcc/x86_64-redhat-linux/8] ==> dir [/usr/lib/gcc/x86_64-redhat-linux/8]
    arg [-L/usr/lib/gcc/x86_64-redhat-linux/8/../../../../lib64] ==> dir [/usr/lib/gcc/x86_64-redhat-linux/8/../../../../lib64]
    arg [-L/lib/../lib64] ==> dir [/lib/../lib64]
    arg [-L/usr/lib/../lib64] ==> dir [/usr/lib/../lib64]
    arg [-L/jet/packages/spack/opt/spack/linux-centos8-zen/gcc-8.3.1/cuda-11.1.1-a6ajxenobex5bvpejykhtnfut4arfpwh/lib64] ==> dir [/jet/packages/spack/opt/spack/linux-centos8-zen/gcc-8.3.1/cuda-11.1.1-a6ajxenobex5bvpejykhtnfut4arfpwh/lib64]
    arg [-L/usr/lib/gcc/x86_64-redhat-linux/8/../../..] ==> dir [/usr/lib/gcc/x86_64-redhat-linux/8/../../..]
    arg [CMakeFiles/cmTC_e4435.dir/CMakeCCompilerABI.c.o] ==> ignore
    arg [-lgcc] ==> lib [gcc]
    arg [--as-needed] ==> ignore
    arg [-lgcc_s] ==> lib [gcc_s]
    arg [--no-as-needed] ==> ignore
    arg [-lc] ==> lib [c]
    arg [-lgcc] ==> lib [gcc]
    arg [--as-needed] ==> ignore
    arg [-lgcc_s] ==> lib [gcc_s]
    arg [--no-as-needed] ==> ignore
    arg [/usr/lib/gcc/x86_64-redhat-linux/8/crtend.o] ==> ignore
    arg [/usr/lib/gcc/x86_64-redhat-linux/8/../../../../lib64/crtn.o] ==> ignore
  collapse library dir [/usr/lib/gcc/x86_64-redhat-linux/8] ==> [/usr/lib/gcc/x86_64-redhat-linux/8]
  collapse library dir [/usr/lib/gcc/x86_64-redhat-linux/8/../../../../lib64] ==> [/usr/lib64]
  collapse library dir [/lib/../lib64] ==> [/lib64]
  collapse library dir [/usr/lib/../lib64] ==> [/usr/lib64]
  collapse library dir [/jet/packages/spack/opt/spack/linux-centos8-zen/gcc-8.3.1/cuda-11.1.1-a6ajxenobex5bvpejykhtnfut4arfpwh/lib64] ==> [/jet/packages/spack/opt/spack/linux-centos8-zen/gcc-8.3.1/cuda-11.1.1-a6ajxenobex5bvpejykhtnfut4arfpwh/lib64]
  collapse library dir [/usr/lib/gcc/x86_64-redhat-linux/8/../../..] ==> [/usr/lib]
  implicit libs: [gcc;gcc_s;c;gcc;gcc_s]
  implicit dirs: [/usr/lib/gcc/x86_64-redhat-linux/8;/usr/lib64;/lib64;/jet/packages/spack/opt/spack/linux-centos8-zen/gcc-8.3.1/cuda-11.1.1-a6ajxenobex5bvpejykhtnfut4arfpwh/lib64;/usr/lib]
  implicit fwks: []




Detecting C [-std=c11] compiler features compiled with the following output:
Change Dir: /jet/home/xuan1998/CS267-Project/build/CMakeFiles/CMakeTmp

Run Build Command:"/usr/bin/gmake" "cmTC_c9b29/fast"
/usr/bin/gmake -f CMakeFiles/cmTC_c9b29.dir/build.make CMakeFiles/cmTC_c9b29.dir/build
gmake[1]: Entering directory '/jet/home/xuan1998/CS267-Project/build/CMakeFiles/CMakeTmp'
Building C object CMakeFiles/cmTC_c9b29.dir/feature_tests.c.o
/usr/bin/cc   -std=c11 -o CMakeFiles/cmTC_c9b29.dir/feature_tests.c.o   -c /jet/home/xuan1998/CS267-Project/build/CMakeFiles/feature_tests.c
Linking C executable cmTC_c9b29
/usr/bin/cmake -E cmake_link_script CMakeFiles/cmTC_c9b29.dir/link.txt --verbose=1
/usr/bin/cc      CMakeFiles/cmTC_c9b29.dir/feature_tests.c.o  -o cmTC_c9b29 
gmake[1]: Leaving directory '/jet/home/xuan1998/CS267-Project/build/CMakeFiles/CMakeTmp'


    Feature record: C_FEATURE:1c_function_prototypes
    Feature record: C_FEATURE:1c_restrict
    Feature record: C_FEATURE:1c_static_assert
    Feature record: C_FEATURE:1c_variadic_macros


Detecting C [-std=c99] compiler features compiled with the following output:
Change Dir: /jet/home/xuan1998/CS267-Project/build/CMakeFiles/CMakeTmp

Run Build Command:"/usr/bin/gmake" "cmTC_2d20c/fast"
/usr/bin/gmake -f CMakeFiles/cmTC_2d20c.dir/build.make CMakeFiles/cmTC_2d20c.dir/build
gmake[1]: Entering directory '/jet/home/xuan1998/CS267-Project/build/CMakeFiles/CMakeTmp'
Building C object CMakeFiles/cmTC_2d20c.dir/feature_tests.c.o
/usr/bin/cc   -std=c99 -o CMakeFiles/cmTC_2d20c.dir/feature_tests.c.o   -c /jet/home/xuan1998/CS267-Project/build/CMakeFiles/feature_tests.c
Linking C executable cmTC_2d20c
/usr/bin/cmake -E cmake_link_script CMakeFiles/cmTC_2d20c.dir/link.txt --verbose=1
/usr/bin/cc      CMakeFiles/cmTC_2d20c.dir/feature_tests.c.o  -o cmTC_2d20c 
gmake[1]: Leaving directory '/jet/home/xuan1998/CS267-Project/build/CMakeFiles/CMakeTmp'


    Feature record: C_FEATURE:1c_function_prototypes
    Feature record: C_FEATURE:1c_restrict
    Feature record: C_FEATURE:0c_static_assert
    Feature record: C_FEATURE:1c_variadic_macros


Detecting C [-std=c90] compiler features compiled with the following output:
Change Dir: /jet/home/xuan1998/CS267-Project/build/CMakeFiles/CMakeTmp

Run Build Command:"/usr/bin/gmake" "cmTC_b1c4d/fast"
/usr/bin/gmake -f CMakeFiles/cmTC_b1c4d.dir/build.make CMakeFiles/cmTC_b1c4d.dir/build
gmake[1]: Entering directory '/jet/home/xuan1998/CS267-Project/build/CMakeFiles/CMakeTmp'
Building C object CMakeFiles/cmTC_b1c4d.dir/feature_tests.c.o
/usr/bin/cc   -std=c90 -o CMakeFiles/cmTC_b1c4d.dir/feature_tests.c.o   -c /jet/home/xuan1998/CS267-Project/build/CMakeFiles/feature_tests.c
Linking C executable cmTC_b1c4d
/usr/bin/cmake -E cmake_link_script CMakeFiles/cmTC_b1c4d.dir/link.txt --verbose=1
/usr/bin/cc      CMakeFiles/cmTC_b1c4d.dir/feature_tests.c.o  -o cmTC_b1c4d 
gmake[1]: Leaving directory '/jet/home/xuan1998/CS267-Project/build/CMakeFiles/CMakeTmp'


    Feature record: C_FEATURE:1c_function_prototypes
    Feature record: C_FEATURE:0c_restrict
    Feature record: C_FEATURE:0c_static_assert
    Feature record: C_FEATURE:0c_variadic_macros
Determining if the CXX compiler works passed with the following output:
Change Dir: /jet/home/xuan1998/CS267-Project/build/CMakeFiles/CMakeTmp

Run Build Command:"/usr/bin/gmake" "cmTC_360f4/fast"
/usr/bin/gmake -f CMakeFiles/cmTC_360f4.dir/build.make CMakeFiles/cmTC_360f4.dir/build
gmake[1]: Entering directory '/jet/home/xuan1998/CS267-Project/build/CMakeFiles/CMakeTmp'
Building CXX object CMakeFiles/cmTC_360f4.dir/testCXXCompiler.cxx.o
/usr/bin/c++     -o CMakeFiles/cmTC_360f4.dir/testCXXCompiler.cxx.o -c /jet/home/xuan1998/CS267-Project/build/CMakeFiles/CMakeTmp/testCXXCompiler.cxx
Linking CXX executable cmTC_360f4
/usr/bin/cmake -E cmake_link_script CMakeFiles/cmTC_360f4.dir/link.txt --verbose=1
/usr/bin/c++       CMakeFiles/cmTC_360f4.dir/testCXXCompiler.cxx.o  -o cmTC_360f4 
gmake[1]: Leaving directory '/jet/home/xuan1998/CS267-Project/build/CMakeFiles/CMakeTmp'


Detecting CXX compiler ABI info compiled with the following output:
Change Dir: /jet/home/xuan1998/CS267-Project/build/CMakeFiles/CMakeTmp

Run Build Command:"/usr/bin/gmake" "cmTC_c4856/fast"
/usr/bin/gmake -f CMakeFiles/cmTC_c4856.dir/build.make CMakeFiles/cmTC_c4856.dir/build
gmake[1]: Entering directory '/jet/home/xuan1998/CS267-Project/build/CMakeFiles/CMakeTmp'
Building CXX object CMakeFiles/cmTC_c4856.dir/CMakeCXXCompilerABI.cpp.o
/usr/bin/c++     -o CMakeFiles/cmTC_c4856.dir/CMakeCXXCompilerABI.cpp.o -c /usr/share/cmake/Modules/CMakeCXXCompilerABI.cpp
Linking CXX executable cmTC_c4856
/usr/bin/cmake -E cmake_link_script CMakeFiles/cmTC_c4856.dir/link.txt --verbose=1
/usr/bin/c++      -v CMakeFiles/cmTC_c4856.dir/CMakeCXXCompilerABI.cpp.o  -o cmTC_c4856 
Using built-in specs.
COLLECT_GCC=/usr/bin/c++
COLLECT_LTO_WRAPPER=/usr/libexec/gcc/x86_64-redhat-linux/8/lto-wrapper
OFFLOAD_TARGET_NAMES=nvptx-none
OFFLOAD_TARGET_DEFAULT=1
Target: x86_64-redhat-linux
Configured with: ../configure --enable-bootstrap --enable-languages=c,c++,fortran,lto --prefix=/usr --mandir=/usr/share/man --infodir=/usr/share/info --with-bugurl=http://bugzilla.redhat.com/bugzilla --enable-shared --enable-threads=posix --enable-checking=release --enable-multilib --with-system-zlib --enable-__cxa_atexit --disable-libunwind-exceptions --enable-gnu-unique-object --enable-linker-build-id --with-gcc-major-version-only --with-linker-hash-style=gnu --enable-plugin --enable-initfini-array --with-isl --disable-libmpx --enable-offload-targets=nvptx-none --without-cuda-driver --enable-gnu-indirect-function --enable-cet --with-tune=generic --with-arch_32=x86-64 --build=x86_64-redhat-linux
Thread model: posix
gcc version 8.3.1 20191121 (Red Hat 8.3.1-5) (GCC) 
COMPILER_PATH=/usr/libexec/gcc/x86_64-redhat-linux/8/:/usr/libexec/gcc/x86_64-redhat-linux/8/:/usr/libexec/gcc/x86_64-redhat-linux/:/usr/lib/gcc/x86_64-redhat-linux/8/:/usr/lib/gcc/x86_64-redhat-linux/
LIBRARY_PATH=/usr/lib/gcc/x86_64-redhat-linux/8/:/usr/lib/gcc/x86_64-redhat-linux/8/../../../../lib64/:/lib/../lib64/:/usr/lib/../lib64/:/jet/packages/spack/opt/spack/linux-centos8-zen/gcc-8.3.1/cuda-11.1.1-a6ajxenobex5bvpejykhtnfut4arfpwh/lib64/:/usr/lib/gcc/x86_64-redhat-linux/8/../../../:/lib/:/usr/lib/
COLLECT_GCC_OPTIONS='-v' '-o' 'cmTC_c4856' '-shared-libgcc' '-mtune=generic' '-march=x86-64'
 /usr/libexec/gcc/x86_64-redhat-linux/8/collect2 -plugin /usr/libexec/gcc/x86_64-redhat-linux/8/liblto_plugin.so -plugin-opt=/usr/libexec/gcc/x86_64-redhat-linux/8/lto-wrapper -plugin-opt=-fresolution=/tmp/cclGBPa1.res -plugin-opt=-pass-through=-lgcc_s -plugin-opt=-pass-through=-lgcc -plugin-opt=-pass-through=-lc -plugin-opt=-pass-through=-lgcc_s -plugin-opt=-pass-through=-lgcc --build-id --no-add-needed --eh-frame-hdr --hash-style=gnu -m elf_x86_64 -dynamic-linker /lib64/ld-linux-x86-64.so.2 -o cmTC_c4856 /usr/lib/gcc/x86_64-redhat-linux/8/../../../../lib64/crt1.o /usr/lib/gcc/x86_64-redhat-linux/8/../../../../lib64/crti.o /usr/lib/gcc/x86_64-redhat-linux/8/crtbegin.o -L/usr/lib/gcc/x86_64-redhat-linux/8 -L/usr/lib/gcc/x86_64-redhat-linux/8/../../../../lib64 -L/lib/../lib64 -L/usr/lib/../lib64 -L/jet/packages/spack/opt/spack/linux-centos8-zen/gcc-8.3.1/cuda-11.1.1-a6ajxenobex5bvpejykhtnfut4arfpwh/lib64 -L/usr/lib/gcc/x86_64-redhat-linux/8/../../.. CMakeFiles/cmTC_c4856.dir/CMakeCXXCompilerABI.cpp.o -lstdc++ -lm -lgcc_s -lgcc -lc -lgcc_s -lgcc /usr/lib/gcc/x86_64-redhat-linux/8/crtend.o /usr/lib/gcc/x86_64-redhat-linux/8/../../../../lib64/crtn.o
COLLECT_GCC_OPTIONS='-v' '-o' 'cmTC_c4856' '-shared-libgcc' '-mtune=generic' '-march=x86-64'
gmake[1]: Leaving directory '/jet/home/xuan1998/CS267-Project/build/CMakeFiles/CMakeTmp'


Parsed CXX implicit link information from above output:
  link line regex: [^( *|.*[/\])(ld|CMAKE_LINK_STARTFILE-NOTFOUND|([^/\]+-)?ld|collect2)[^/\]*( |$)]
  ignore line: [Change Dir: /jet/home/xuan1998/CS267-Project/build/CMakeFiles/CMakeTmp]
  ignore line: []
  ignore line: [Run Build Command:"/usr/bin/gmake" "cmTC_c4856/fast"]
  ignore line: [/usr/bin/gmake -f CMakeFiles/cmTC_c4856.dir/build.make CMakeFiles/cmTC_c4856.dir/build]
  ignore line: [gmake[1]: Entering directory '/jet/home/xuan1998/CS267-Project/build/CMakeFiles/CMakeTmp']
  ignore line: [Building CXX object CMakeFiles/cmTC_c4856.dir/CMakeCXXCompilerABI.cpp.o]
  ignore line: [/usr/bin/c++     -o CMakeFiles/cmTC_c4856.dir/CMakeCXXCompilerABI.cpp.o -c /usr/share/cmake/Modules/CMakeCXXCompilerABI.cpp]
  ignore line: [Linking CXX executable cmTC_c4856]
  ignore line: [/usr/bin/cmake -E cmake_link_script CMakeFiles/cmTC_c4856.dir/link.txt --verbose=1]
  ignore line: [/usr/bin/c++      -v CMakeFiles/cmTC_c4856.dir/CMakeCXXCompilerABI.cpp.o  -o cmTC_c4856 ]
  ignore line: [Using built-in specs.]
  ignore line: [COLLECT_GCC=/usr/bin/c++]
  ignore line: [COLLECT_LTO_WRAPPER=/usr/libexec/gcc/x86_64-redhat-linux/8/lto-wrapper]
  ignore line: [OFFLOAD_TARGET_NAMES=nvptx-none]
  ignore line: [OFFLOAD_TARGET_DEFAULT=1]
  ignore line: [Target: x86_64-redhat-linux]
  ignore line: [Configured with: ../configure --enable-bootstrap --enable-languages=c,c++,fortran,lto --prefix=/usr --mandir=/usr/share/man --infodir=/usr/share/info --with-bugurl=http://bugzilla.redhat.com/bugzilla --enable-shared --enable-threads=posix --enable-checking=release --enable-multilib --with-system-zlib --enable-__cxa_atexit --disable-libunwind-exceptions --enable-gnu-unique-object --enable-linker-build-id --with-gcc-major-version-only --with-linker-hash-style=gnu --enable-plugin --enable-initfini-array --with-isl --disable-libmpx --enable-offload-targets=nvptx-none --without-cuda-driver --enable-gnu-indirect-function --enable-cet --with-tune=generic --with-arch_32=x86-64 --build=x86_64-redhat-linux]
  ignore line: [Thread model: posix]
  ignore line: [gcc version 8.3.1 20191121 (Red Hat 8.3.1-5) (GCC) ]
  ignore line: [COMPILER_PATH=/usr/libexec/gcc/x86_64-redhat-linux/8/:/usr/libexec/gcc/x86_64-redhat-linux/8/:/usr/libexec/gcc/x86_64-redhat-linux/:/usr/lib/gcc/x86_64-redhat-linux/8/:/usr/lib/gcc/x86_64-redhat-linux/]
  ignore line: [LIBRARY_PATH=/usr/lib/gcc/x86_64-redhat-linux/8/:/usr/lib/gcc/x86_64-redhat-linux/8/../../../../lib64/:/lib/../lib64/:/usr/lib/../lib64/:/jet/packages/spack/opt/spack/linux-centos8-zen/gcc-8.3.1/cuda-11.1.1-a6ajxenobex5bvpejykhtnfut4arfpwh/lib64/:/usr/lib/gcc/x86_64-redhat-linux/8/../../../:/lib/:/usr/lib/]
  ignore line: [COLLECT_GCC_OPTIONS='-v' '-o' 'cmTC_c4856' '-shared-libgcc' '-mtune=generic' '-march=x86-64']
  link line: [ /usr/libexec/gcc/x86_64-redhat-linux/8/collect2 -plugin /usr/libexec/gcc/x86_64-redhat-linux/8/liblto_plugin.so -plugin-opt=/usr/libexec/gcc/x86_64-redhat-linux/8/lto-wrapper -plugin-opt=-fresolution=/tmp/cclGBPa1.res -plugin-opt=-pass-through=-lgcc_s -plugin-opt=-pass-through=-lgcc -plugin-opt=-pass-through=-lc -plugin-opt=-pass-through=-lgcc_s -plugin-opt=-pass-through=-lgcc --build-id --no-add-needed --eh-frame-hdr --hash-style=gnu -m elf_x86_64 -dynamic-linker /lib64/ld-linux-x86-64.so.2 -o cmTC_c4856 /usr/lib/gcc/x86_64-redhat-linux/8/../../../../lib64/crt1.o /usr/lib/gcc/x86_64-redhat-linux/8/../../../../lib64/crti.o /usr/lib/gcc/x86_64-redhat-linux/8/crtbegin.o -L/usr/lib/gcc/x86_64-redhat-linux/8 -L/usr/lib/gcc/x86_64-redhat-linux/8/../../../../lib64 -L/lib/../lib64 -L/usr/lib/../lib64 -L/jet/packages/spack/opt/spack/linux-centos8-zen/gcc-8.3.1/cuda-11.1.1-a6ajxenobex5bvpejykhtnfut4arfpwh/lib64 -L/usr/lib/gcc/x86_64-redhat-linux/8/../../.. CMakeFiles/cmTC_c4856.dir/CMakeCXXCompilerABI.cpp.o -lstdc++ -lm -lgcc_s -lgcc -lc -lgcc_s -lgcc /usr/lib/gcc/x86_64-redhat-linux/8/crtend.o /usr/lib/gcc/x86_64-redhat-linux/8/../../../../lib64/crtn.o]
    arg [/usr/libexec/gcc/x86_64-redhat-linux/8/collect2] ==> ignore
    arg [-plugin] ==> ignore
    arg [/usr/libexec/gcc/x86_64-redhat-linux/8/liblto_plugin.so] ==> ignore
    arg [-plugin-opt=/usr/libexec/gcc/x86_64-redhat-linux/8/lto-wrapper] ==> ignore
    arg [-plugin-opt=-fresolution=/tmp/cclGBPa1.res] ==> ignore
    arg [-plugin-opt=-pass-through=-lgcc_s] ==> ignore
    arg [-plugin-opt=-pass-through=-lgcc] ==> ignore
    arg [-plugin-opt=-pass-through=-lc] ==> ignore
    arg [-plugin-opt=-pass-through=-lgcc_s] ==> ignore
    arg [-plugin-opt=-pass-through=-lgcc] ==> ignore
    arg [--build-id] ==> ignore
    arg [--no-add-needed] ==> ignore
    arg [--eh-frame-hdr] ==> ignore
    arg [--hash-style=gnu] ==> ignore
    arg [-m] ==> ignore
    arg [elf_x86_64] ==> ignore
    arg [-dynamic-linker] ==> ignore
    arg [/lib64/ld-linux-x86-64.so.2] ==> ignore
    arg [-o] ==> ignore
    arg [cmTC_c4856] ==> ignore
    arg [/usr/lib/gcc/x86_64-redhat-linux/8/../../../../lib64/crt1.o] ==> ignore
    arg [/usr/lib/gcc/x86_64-redhat-linux/8/../../../../lib64/crti.o] ==> ignore
    arg [/usr/lib/gcc/x86_64-redhat-linux/8/crtbegin.o] ==> ignore
    arg [-L/usr/lib/gcc/x86_64-redhat-linux/8] ==> dir [/usr/lib/gcc/x86_64-redhat-linux/8]
    arg [-L/usr/lib/gcc/x86_64-redhat-linux/8/../../../../lib64] ==> dir [/usr/lib/gcc/x86_64-redhat-linux/8/../../../../lib64]
    arg [-L/lib/../lib64] ==> dir [/lib/../lib64]
    arg [-L/usr/lib/../lib64] ==> dir [/usr/lib/../lib64]
    arg [-L/jet/packages/spack/opt/spack/linux-centos8-zen/gcc-8.3.1/cuda-11.1.1-a6ajxenobex5bvpejykhtnfut4arfpwh/lib64] ==> dir [/jet/packages/spack/opt/spack/linux-centos8-zen/gcc-8.3.1/cuda-11.1.1-a6ajxenobex5bvpejykhtnfut4arfpwh/lib64]
    arg [-L/usr/lib/gcc/x86_64-redhat-linux/8/../../..] ==> dir [/usr/lib/gcc/x86_64-redhat-linux/8/../../..]
    arg [CMakeFiles/cmTC_c4856.dir/CMakeCXXCompilerABI.cpp.o] ==> ignore
    arg [-lstdc++] ==> lib [stdc++]
    arg [-lm] ==> lib [m]
    arg [-lgcc_s] ==> lib [gcc_s]
    arg [-lgcc] ==> lib [gcc]
    arg [-lc] ==> lib [c]
    arg [-lgcc_s] ==> lib [gcc_s]
    arg [-lgcc] ==> lib [gcc]
    arg [/usr/lib/gcc/x86_64-redhat-linux/8/crtend.o] ==> ignore
    arg [/usr/lib/gcc/x86_64-redhat-linux/8/../../../../lib64/crtn.o] ==> ignore
  collapse library dir [/usr/lib/gcc/x86_64-redhat-linux/8] ==> [/usr/lib/gcc/x86_64-redhat-linux/8]
  collapse library dir [/usr/lib/gcc/x86_64-redhat-linux/8/../../../../lib64] ==> [/usr/lib64]
  collapse library dir [/lib/../lib64] ==> [/lib64]
  collapse library dir [/usr/lib/../lib64] ==> [/usr/lib64]
  collapse library dir [/jet/packages/spack/opt/spack/linux-centos8-zen/gcc-8.3.1/cuda-11.1.1-a6ajxenobex5bvpejykhtnfut4arfpwh/lib64] ==> [/jet/packages/spack/opt/spack/linux-centos8-zen/gcc-8.3.1/cuda-11.1.1-a6ajxenobex5bvpejykhtnfut4arfpwh/lib64]
  collapse library dir [/usr/lib/gcc/x86_64-redhat-linux/8/../../..] ==> [/usr/lib]
  implicit libs: [stdc++;m;gcc_s;gcc;c;gcc_s;gcc]
  implicit dirs: [/usr/lib/gcc/x86_64-redhat-linux/8;/usr/lib64;/lib64;/jet/packages/spack/opt/spack/linux-centos8-zen/gcc-8.3.1/cuda-11.1.1-a6ajxenobex5bvpejykhtnfut4arfpwh/lib64;/usr/lib]
  implicit fwks: []




Detecting CXX [-std=c++1z] compiler features compiled with the following output:
Change Dir: /jet/home/xuan1998/CS267-Project/build/CMakeFiles/CMakeTmp

Run Build Command:"/usr/bin/gmake" "cmTC_3cad9/fast"
/usr/bin/gmake -f CMakeFiles/cmTC_3cad9.dir/build.make CMakeFiles/cmTC_3cad9.dir/build
gmake[1]: Entering directory '/jet/home/xuan1998/CS267-Project/build/CMakeFiles/CMakeTmp'
Building CXX object CMakeFiles/cmTC_3cad9.dir/feature_tests.cxx.o
/usr/bin/c++    -std=c++1z -o CMakeFiles/cmTC_3cad9.dir/feature_tests.cxx.o -c /jet/home/xuan1998/CS267-Project/build/CMakeFiles/feature_tests.cxx
Linking CXX executable cmTC_3cad9
/usr/bin/cmake -E cmake_link_script CMakeFiles/cmTC_3cad9.dir/link.txt --verbose=1
/usr/bin/c++       CMakeFiles/cmTC_3cad9.dir/feature_tests.cxx.o  -o cmTC_3cad9 
gmake[1]: Leaving directory '/jet/home/xuan1998/CS267-Project/build/CMakeFiles/CMakeTmp'


    Feature record: CXX_FEATURE:1cxx_aggregate_default_initializers
    Feature record: CXX_FEATURE:1cxx_alias_templates
    Feature record: CXX_FEATURE:1cxx_alignas
    Feature record: CXX_FEATURE:1cxx_alignof
    Feature record: CXX_FEATURE:1cxx_attributes
    Feature record: CXX_FEATURE:1cxx_attribute_deprecated
    Feature record: CXX_FEATURE:1cxx_auto_type
    Feature record: CXX_FEATURE:1cxx_binary_literals
    Feature record: CXX_FEATURE:1cxx_constexpr
    Feature record: CXX_FEATURE:1cxx_contextual_conversions
    Feature record: CXX_FEATURE:1cxx_decltype
    Feature record: CXX_FEATURE:1cxx_decltype_auto
    Feature record: CXX_FEATURE:1cxx_decltype_incomplete_return_types
    Feature record: CXX_FEATURE:1cxx_default_function_template_args
    Feature record: CXX_FEATURE:1cxx_defaulted_functions
    Feature record: CXX_FEATURE:1cxx_defaulted_move_initializers
    Feature record: CXX_FEATURE:1cxx_delegating_constructors
    Feature record: CXX_FEATURE:1cxx_deleted_functions
    Feature record: CXX_FEATURE:1cxx_digit_separators
    Feature record: CXX_FEATURE:1cxx_enum_forward_declarations
    Feature record: CXX_FEATURE:1cxx_explicit_conversions
    Feature record: CXX_FEATURE:1cxx_extended_friend_declarations
    Feature record: CXX_FEATURE:1cxx_extern_templates
    Feature record: CXX_FEATURE:1cxx_final
    Feature record: CXX_FEATURE:1cxx_func_identifier
    Feature record: CXX_FEATURE:1cxx_generalized_initializers
    Feature record: CXX_FEATURE:1cxx_generic_lambdas
    Feature record: CXX_FEATURE:1cxx_inheriting_constructors
    Feature record: CXX_FEATURE:1cxx_inline_namespaces
    Feature record: CXX_FEATURE:1cxx_lambdas
    Feature record: CXX_FEATURE:1cxx_lambda_init_captures
    Feature record: CXX_FEATURE:1cxx_local_type_template_args
    Feature record: CXX_FEATURE:1cxx_long_long_type
    Feature record: CXX_FEATURE:1cxx_noexcept
    Feature record: CXX_FEATURE:1cxx_nonstatic_member_init
    Feature record: CXX_FEATURE:1cxx_nullptr
    Feature record: CXX_FEATURE:1cxx_override
    Feature record: CXX_FEATURE:1cxx_range_for
    Feature record: CXX_FEATURE:1cxx_raw_string_literals
    Feature record: CXX_FEATURE:1cxx_reference_qualified_functions
    Feature record: CXX_FEATURE:1cxx_relaxed_constexpr
    Feature record: CXX_FEATURE:1cxx_return_type_deduction
    Feature record: CXX_FEATURE:1cxx_right_angle_brackets
    Feature record: CXX_FEATURE:1cxx_rvalue_references
    Feature record: CXX_FEATURE:1cxx_sizeof_member
    Feature record: CXX_FEATURE:1cxx_static_assert
    Feature record: CXX_FEATURE:1cxx_strong_enums
    Feature record: CXX_FEATURE:1cxx_template_template_parameters
    Feature record: CXX_FEATURE:1cxx_thread_local
    Feature record: CXX_FEATURE:1cxx_trailing_return_types
    Feature record: CXX_FEATURE:1cxx_unicode_literals
    Feature record: CXX_FEATURE:1cxx_uniform_initialization
    Feature record: CXX_FEATURE:1cxx_unrestricted_unions
    Feature record: CXX_FEATURE:1cxx_user_literals
    Feature record: CXX_FEATURE:1cxx_variable_templates
    Feature record: CXX_FEATURE:1cxx_variadic_macros
    Feature record: CXX_FEATURE:1cxx_variadic_templates


Detecting CXX [-std=c++14] compiler features compiled with the following output:
Change Dir: /jet/home/xuan1998/CS267-Project/build/CMakeFiles/CMakeTmp

Run Build Command:"/usr/bin/gmake" "cmTC_e3bc9/fast"
/usr/bin/gmake -f CMakeFiles/cmTC_e3bc9.dir/build.make CMakeFiles/cmTC_e3bc9.dir/build
gmake[1]: Entering directory '/jet/home/xuan1998/CS267-Project/build/CMakeFiles/CMakeTmp'
Building CXX object CMakeFiles/cmTC_e3bc9.dir/feature_tests.cxx.o
/usr/bin/c++    -std=c++14 -o CMakeFiles/cmTC_e3bc9.dir/feature_tests.cxx.o -c /jet/home/xuan1998/CS267-Project/build/CMakeFiles/feature_tests.cxx
Linking CXX executable cmTC_e3bc9
/usr/bin/cmake -E cmake_link_script CMakeFiles/cmTC_e3bc9.dir/link.txt --verbose=1
/usr/bin/c++       CMakeFiles/cmTC_e3bc9.dir/feature_tests.cxx.o  -o cmTC_e3bc9 
gmake[1]: Leaving directory '/jet/home/xuan1998/CS267-Project/build/CMakeFiles/CMakeTmp'


    Feature record: CXX_FEATURE:1cxx_aggregate_default_initializers
    Feature record: CXX_FEATURE:1cxx_alias_templates
    Feature record: CXX_FEATURE:1cxx_alignas
    Feature record: CXX_FEATURE:1cxx_alignof
    Feature record: CXX_FEATURE:1cxx_attributes
    Feature record: CXX_FEATURE:1cxx_attribute_deprecated
    Feature record: CXX_FEATURE:1cxx_auto_type
    Feature record: CXX_FEATURE:1cxx_binary_literals
    Feature record: CXX_FEATURE:1cxx_constexpr
    Feature record: CXX_FEATURE:1cxx_contextual_conversions
    Feature record: CXX_FEATURE:1cxx_decltype
    Feature record: CXX_FEATURE:1cxx_decltype_auto
    Feature record: CXX_FEATURE:1cxx_decltype_incomplete_return_types
    Feature record: CXX_FEATURE:1cxx_default_function_template_args
    Feature record: CXX_FEATURE:1cxx_defaulted_functions
    Feature record: CXX_FEATURE:1cxx_defaulted_move_initializers
    Feature record: CXX_FEATURE:1cxx_delegating_constructors
    Feature record: CXX_FEATURE:1cxx_deleted_functions
    Feature record: CXX_FEATURE:1cxx_digit_separators
    Feature record: CXX_FEATURE:1cxx_enum_forward_declarations
    Feature record: CXX_FEATURE:1cxx_explicit_conversions
    Feature record: CXX_FEATURE:1cxx_extended_friend_declarations
    Feature record: CXX_FEATURE:1cxx_extern_templates
    Feature record: CXX_FEATURE:1cxx_final
    Feature record: CXX_FEATURE:1cxx_func_identifier
    Feature record: CXX_FEATURE:1cxx_generalized_initializers
    Feature record: CXX_FEATURE:1cxx_generic_lambdas
    Feature record: CXX_FEATURE:1cxx_inheriting_constructors
    Feature record: CXX_FEATURE:1cxx_inline_namespaces
    Feature record: CXX_FEATURE:1cxx_lambdas
    Feature record: CXX_FEATURE:1cxx_lambda_init_captures
    Feature record: CXX_FEATURE:1cxx_local_type_template_args
    Feature record: CXX_FEATURE:1cxx_long_long_type
    Feature record: CXX_FEATURE:1cxx_noexcept
    Feature record: CXX_FEATURE:1cxx_nonstatic_member_init
    Feature record: CXX_FEATURE:1cxx_nullptr
    Feature record: CXX_FEATURE:1cxx_override
    Feature record: CXX_FEATURE:1cxx_range_for
    Feature record: CXX_FEATURE:1cxx_raw_string_literals
    Feature record: CXX_FEATURE:1cxx_reference_qualified_functions
    Feature record: CXX_FEATURE:1cxx_relaxed_constexpr
    Feature record: CXX_FEATURE:1cxx_return_type_deduction
    Feature record: CXX_FEATURE:1cxx_right_angle_brackets
    Feature record: CXX_FEATURE:1cxx_rvalue_references
    Feature record: CXX_FEATURE:1cxx_sizeof_member
    Feature record: CXX_FEATURE:1cxx_static_assert
    Feature record: CXX_FEATURE:1cxx_strong_enums
    Feature record: CXX_FEATURE:1cxx_template_template_parameters
    Feature record: CXX_FEATURE:1cxx_thread_local
    Feature record: CXX_FEATURE:1cxx_trailing_return_types
    Feature record: CXX_FEATURE:1cxx_unicode_literals
    Feature record: CXX_FEATURE:1cxx_uniform_initialization
    Feature record: CXX_FEATURE:1cxx_unrestricted_unions
    Feature record: CXX_FEATURE:1cxx_user_literals
    Feature record: CXX_FEATURE:1cxx_variable_templates
    Feature record: CXX_FEATURE:1cxx_variadic_macros
    Feature record: CXX_FEATURE:1cxx_variadic_templates


Detecting CXX [-std=c++11] compiler features compiled with the following output:
Change Dir: /jet/home/xuan1998/CS267-Project/build/CMakeFiles/CMakeTmp

Run Build Command:"/usr/bin/gmake" "cmTC_d6615/fast"
/usr/bin/gmake -f CMakeFiles/cmTC_d6615.dir/build.make CMakeFiles/cmTC_d6615.dir/build
gmake[1]: Entering directory '/jet/home/xuan1998/CS267-Project/build/CMakeFiles/CMakeTmp'
Building CXX object CMakeFiles/cmTC_d6615.dir/feature_tests.cxx.o
/usr/bin/c++    -std=c++11 -o CMakeFiles/cmTC_d6615.dir/feature_tests.cxx.o -c /jet/home/xuan1998/CS267-Project/build/CMakeFiles/feature_tests.cxx
Linking CXX executable cmTC_d6615
/usr/bin/cmake -E cmake_link_script CMakeFiles/cmTC_d6615.dir/link.txt --verbose=1
/usr/bin/c++       CMakeFiles/cmTC_d6615.dir/feature_tests.cxx.o  -o cmTC_d6615 
gmake[1]: Leaving directory '/jet/home/xuan1998/CS267-Project/build/CMakeFiles/CMakeTmp'


    Feature record: CXX_FEATURE:0cxx_aggregate_default_initializers
    Feature record: CXX_FEATURE:1cxx_alias_templates
    Feature record: CXX_FEATURE:1cxx_alignas
    Feature record: CXX_FEATURE:1cxx_alignof
    Feature record: CXX_FEATURE:1cxx_attributes
    Feature record: CXX_FEATURE:0cxx_attribute_deprecated
    Feature record: CXX_FEATURE:1cxx_auto_type
    Feature record: CXX_FEATURE:0cxx_binary_literals
    Feature record: CXX_FEATURE:1cxx_constexpr
    Feature record: CXX_FEATURE:0cxx_contextual_conversions
    Feature record: CXX_FEATURE:1cxx_decltype
    Feature record: CXX_FEATURE:0cxx_decltype_auto
    Feature record: CXX_FEATURE:1cxx_decltype_incomplete_return_types
    Feature record: CXX_FEATURE:1cxx_default_function_template_args
    Feature record: CXX_FEATURE:1cxx_defaulted_functions
    Feature record: CXX_FEATURE:1cxx_defaulted_move_initializers
    Feature record: CXX_FEATURE:1cxx_delegating_constructors
    Feature record: CXX_FEATURE:1cxx_deleted_functions
    Feature record: CXX_FEATURE:0cxx_digit_separators
    Feature record: CXX_FEATURE:1cxx_enum_forward_declarations
    Feature record: CXX_FEATURE:1cxx_explicit_conversions
    Feature record: CXX_FEATURE:1cxx_extended_friend_declarations
    Feature record: CXX_FEATURE:1cxx_extern_templates
    Feature record: CXX_FEATURE:1cxx_final
    Feature record: CXX_FEATURE:1cxx_func_identifier
    Feature record: CXX_FEATURE:1cxx_generalized_initializers
    Feature record: CXX_FEATURE:0cxx_generic_lambdas
    Feature record: CXX_FEATURE:1cxx_inheriting_constructors
    Feature record: CXX_FEATURE:1cxx_inline_namespaces
    Feature record: CXX_FEATURE:1cxx_lambdas
    Feature record: CXX_FEATURE:0cxx_lambda_init_captures
    Feature record: CXX_FEATURE:1cxx_local_type_template_args
    Feature record: CXX_FEATURE:1cxx_long_long_type
    Feature record: CXX_FEATURE:1cxx_noexcept
    Feature record: CXX_FEATURE:1cxx_nonstatic_member_init
    Feature record: CXX_FEATURE:1cxx_nullptr
    Feature record: CXX_FEATURE:1cxx_override
    Feature record: CXX_FEATURE:1cxx_range_for
    Feature record: CXX_FEATURE:1cxx_raw_string_literals
    Feature record: CXX_FEATURE:1cxx_reference_qualified_functions
    Feature record: CXX_FEATURE:0cxx_relaxed_constexpr
    Feature record: CXX_FEATURE:0cxx_return_type_deduction
    Feature record: CXX_FEATURE:1cxx_right_angle_brackets
    Feature record: CXX_FEATURE:1cxx_rvalue_references
    Feature record: CXX_FEATURE:1cxx_sizeof_member
    Feature record: CXX_FEATURE:1cxx_static_assert
    Feature record: CXX_FEATURE:1cxx_strong_enums
    Feature record: CXX_FEATURE:1cxx_template_template_parameters
    Feature record: CXX_FEATURE:1cxx_thread_local
    Feature record: CXX_FEATURE:1cxx_trailing_return_types
    Feature record: CXX_FEATURE:1cxx_unicode_literals
    Feature record: CXX_FEATURE:1cxx_uniform_initialization
    Feature record: CXX_FEATURE:1cxx_unrestricted_unions
    Feature record: CXX_FEATURE:1cxx_user_literals
    Feature record: CXX_FEATURE:0cxx_variable_templates
    Feature record: CXX_FEATURE:1cxx_variadic_macros
    Feature record: CXX_FEATURE:1cxx_variadic_templates


Detecting CXX [-std=c++98] compiler features compiled with the following output:
Change Dir: /jet/home/xuan1998/CS267-Project/build/CMakeFiles/CMakeTmp

Run Build Command:"/usr/bin/gmake" "cmTC_ae2d3/fast"
/usr/bin/gmake -f CMakeFiles/cmTC_ae2d3.dir/build.make CMakeFiles/cmTC_ae2d3.dir/build
gmake[1]: Entering directory '/jet/home/xuan1998/CS267-Project/build/CMakeFiles/CMakeTmp'
Building CXX object CMakeFiles/cmTC_ae2d3.dir/feature_tests.cxx.o
/usr/bin/c++    -std=c++98 -o CMakeFiles/cmTC_ae2d3.dir/feature_tests.cxx.o -c /jet/home/xuan1998/CS267-Project/build/CMakeFiles/feature_tests.cxx
Linking CXX executable cmTC_ae2d3
/usr/bin/cmake -E cmake_link_script CMakeFiles/cmTC_ae2d3.dir/link.txt --verbose=1
/usr/bin/c++       CMakeFiles/cmTC_ae2d3.dir/feature_tests.cxx.o  -o cmTC_ae2d3 
gmake[1]: Leaving directory '/jet/home/xuan1998/CS267-Project/build/CMakeFiles/CMakeTmp'


    Feature record: CXX_FEATURE:0cxx_aggregate_default_initializers
    Feature record: CXX_FEATURE:0cxx_alias_templates
    Feature record: CXX_FEATURE:0cxx_alignas
    Feature record: CXX_FEATURE:0cxx_alignof
    Feature record: CXX_FEATURE:0cxx_attributes
    Feature record: CXX_FEATURE:0cxx_attribute_deprecated
    Feature record: CXX_FEATURE:0cxx_auto_type
    Feature record: CXX_FEATURE:0cxx_binary_literals
    Feature record: CXX_FEATURE:0cxx_constexpr
    Feature record: CXX_FEATURE:0cxx_contextual_conversions
    Feature record: CXX_FEATURE:0cxx_decltype
    Feature record: CXX_FEATURE:0cxx_decltype_auto
    Feature record: CXX_FEATURE:0cxx_decltype_incomplete_return_types
    Feature record: CXX_FEATURE:0cxx_default_function_template_args
    Feature record: CXX_FEATURE:0cxx_defaulted_functions
    Feature record: CXX_FEATURE:0cxx_defaulted_move_initializers
    Feature record: CXX_FEATURE:0cxx_delegating_constructors
    Feature record: CXX_FEATURE:0cxx_deleted_functions
    Feature record: CXX_FEATURE:0cxx_digit_separators
    Feature record: CXX_FEATURE:0cxx_enum_forward_declarations
    Feature record: CXX_FEATURE:0cxx_explicit_conversions
    Feature record: CXX_FEATURE:0cxx_extended_friend_declarations
    Feature record: CXX_FEATURE:0cxx_extern_templates
    Feature record: CXX_FEATURE:0cxx_final
    Feature record: CXX_FEATURE:0cxx_func_identifier
    Feature record: CXX_FEATURE:0cxx_generalized_initializers
    Feature record: CXX_FEATURE:0cxx_generic_lambdas
    Feature record: CXX_FEATURE:0cxx_inheriting_constructors
    Feature record: CXX_FEATURE:0cxx_inline_namespaces
    Feature record: CXX_FEATURE:0cxx_lambdas
    Feature record: CXX_FEATURE:0cxx_lambda_init_captures
    Feature record: CXX_FEATURE:0cxx_local_type_template_args
    Feature record: CXX_FEATURE:0cxx_long_long_type
    Feature record: CXX_FEATURE:0cxx_noexcept
    Feature record: CXX_FEATURE:0cxx_nonstatic_member_init
    Feature record: CXX_FEATURE:0cxx_nullptr
    Feature record: CXX_FEATURE:0cxx_override
    Feature record: CXX_FEATURE:0cxx_range_for
    Feature record: CXX_FEATURE:0cxx_raw_string_literals
    Feature record: CXX_FEATURE:0cxx_reference_qualified_functions
    Feature record: CXX_FEATURE:0cxx_relaxed_constexpr
    Feature record: CXX_FEATURE:0cxx_return_type_deduction
    Feature record: CXX_FEATURE:0cxx_right_angle_brackets
    Feature record: CXX_FEATURE:0cxx_rvalue_references
    Feature record: CXX_FEATURE:0cxx_sizeof_member
    Feature record: CXX_FEATURE:0cxx_static_assert
    Feature record: CXX_FEATURE:0cxx_strong_enums
    Feature record: CXX_FEATURE:1cxx_template_template_parameters
    Feature record: CXX_FEATURE:0cxx_thread_local
    Feature record: CXX_FEATURE:0cxx_trailing_return_types
    Feature record: CXX_FEATURE:0cxx_unicode_literals
    Feature record: CXX_FEATURE:0cxx_uniform_initialization
    Feature record: CXX_FEATURE:0cxx_unrestricted_unions
    Feature record: CXX_FEATURE:0cxx_user_literals
    Feature record: CXX_FEATURE:0cxx_variable_templates
    Feature record: CXX_FEATURE:0cxx_variadic_macros
    Feature record: CXX_FEATURE:0cxx_variadic_templates
Compiling the CUDA compiler identification source file "CMakeCUDACompilerId.cu" succeeded.
Compiler: /jet/packages/spack/opt/spack/linux-centos8-zen/gcc-8.3.1/cuda-11.1.1-a6ajxenobex5bvpejykhtnfut4arfpwh/bin/nvcc 
Build flags: 
Id flags:  -v;--keep;--keep-dir;tmp

The output was:
0
#$ _NVVM_BRANCH_=nvvm
#$ _SPACE_= 
#$ _CUDART_=cudart
#$ _HERE_=/jet/packages/spack/opt/spack/linux-centos8-zen/gcc-8.3.1/cuda-11.1.1-a6ajxenobex5bvpejykhtnfut4arfpwh/bin
#$ _THERE_=/jet/packages/spack/opt/spack/linux-centos8-zen/gcc-8.3.1/cuda-11.1.1-a6ajxenobex5bvpejykhtnfut4arfpwh/bin
#$ _TARGET_SIZE_=
#$ _TARGET_DIR_=
#$ _TARGET_DIR_=targets/x86_64-linux
#$ TOP=/jet/packages/spack/opt/spack/linux-centos8-zen/gcc-8.3.1/cuda-11.1.1-a6ajxenobex5bvpejykhtnfut4arfpwh/bin/..
#$ NVVMIR_LIBRARY_DIR=/jet/packages/spack/opt/spack/linux-centos8-zen/gcc-8.3.1/cuda-11.1.1-a6ajxenobex5bvpejykhtnfut4arfpwh/bin/../nvvm/libdevice
#$ LD_LIBRARY_PATH=/jet/packages/spack/opt/spack/linux-centos8-zen/gcc-8.3.1/cuda-11.1.1-a6ajxenobex5bvpejykhtnfut4arfpwh/bin/../lib:/jet/packages/spack/opt/spack/linux-centos8-zen/gcc-8.3.1/cuda-11.1.1-a6ajxenobex5bvpejykhtnfut4arfpwh/lib64
#$ PATH=/jet/packages/spack/opt/spack/linux-centos8-zen/gcc-8.3.1/cuda-11.1.1-a6ajxenobex5bvpejykhtnfut4arfpwh/bin/../nvvm/bin:/jet/packages/spack/opt/spack/linux-centos8-zen/gcc-8.3.1/cuda-11.1.1-a6ajxenobex5bvpejykhtnfut4arfpwh/bin:/jet/packages/spack/opt/spack/linux-centos8-zen/gcc-8.3.1/cuda-11.1.1-a6ajxenobex5bvpejykhtnfut4arfpwh/bin:/jet/home/xuan1998/.local/bin:/jet/home/xuan1998/bin:/opt/packages/allocations/bin:/jet/home/xuan1998/.vscode-server/bin/dfd34e8260c270da74b5c2d86d61aee4b6d56977/bin/remote-cli:/usr/local/bin:/usr/bin:/usr/local/sbin:/usr/sbin:/bin:/opt/packages/interact/bin:/opt/puppetlabs/bin
#$ INCLUDES="-I/jet/packages/spack/opt/spack/linux-centos8-zen/gcc-8.3.1/cuda-11.1.1-a6ajxenobex5bvpejykhtnfut4arfpwh/bin/../targets/x86_64-linux/include"  
#$ LIBRARIES=  "-L/jet/packages/spack/opt/spack/linux-centos8-zen/gcc-8.3.1/cuda-11.1.1-a6ajxenobex5bvpejykhtnfut4arfpwh/bin/../targets/x86_64-linux/lib/stubs" "-L/jet/packages/spack/opt/spack/linux-centos8-zen/gcc-8.3.1/cuda-11.1.1-a6ajxenobex5bvpejykhtnfut4arfpwh/bin/../targets/x86_64-linux/lib"
#$ CUDAFE_FLAGS=
#$ PTXAS_FLAGS=
#$ rm tmp/a_dlink.reg.c
#$ gcc -D__CUDA_ARCH__=520 -E -x c++  -DCUDA_DOUBLE_MATH_FUNCTIONS -D__CUDACC__ -D__NVCC__  "-I/jet/packages/spack/opt/spack/linux-centos8-zen/gcc-8.3.1/cuda-11.1.1-a6ajxenobex5bvpejykhtnfut4arfpwh/bin/../targets/x86_64-linux/include"    -D__CUDACC_VER_MAJOR__=11 -D__CUDACC_VER_MINOR__=1 -D__CUDACC_VER_BUILD__=105 -D__CUDA_API_VER_MAJOR__=11 -D__CUDA_API_VER_MINOR__=1 -include "cuda_runtime.h" -m64 "CMakeCUDACompilerId.cu" -o "tmp/CMakeCUDACompilerId.cpp1.ii" 
#$ cicc --c++14 --gnu_version=80301 --orig_src_file_name "CMakeCUDACompilerId.cu" --allow_managed   -arch compute_52 -m64 -ftz=0 -prec_div=1 -prec_sqrt=1 -fmad=1 --include_file_name "CMakeCUDACompilerId.fatbin.c" -tused -nvvmir-library "/jet/packages/spack/opt/spack/linux-centos8-zen/gcc-8.3.1/cuda-11.1.1-a6ajxenobex5bvpejykhtnfut4arfpwh/bin/../nvvm/libdevice/libdevice.10.bc" --gen_module_id_file --module_id_file_name "tmp/CMakeCUDACompilerId.module_id" --gen_c_file_name "tmp/CMakeCUDACompilerId.cudafe1.c" --stub_file_name "tmp/CMakeCUDACompilerId.cudafe1.stub.c" --gen_device_file_name "tmp/CMakeCUDACompilerId.cudafe1.gpu"  "tmp/CMakeCUDACompilerId.cpp1.ii" -o "tmp/CMakeCUDACompilerId.ptx"
#$ ptxas -arch=sm_52 -m64  "tmp/CMakeCUDACompilerId.ptx"  -o "tmp/CMakeCUDACompilerId.sm_52.cubin" 
#$ fatbinary --create="tmp/CMakeCUDACompilerId.fatbin" -64 --cicc-cmdline="-ftz=0 -prec_div=1 -prec_sqrt=1 -fmad=1 " "--image3=kind=elf,sm=52,file=tmp/CMakeCUDACompilerId.sm_52.cubin" "--image3=kind=ptx,sm=52,file=tmp/CMakeCUDACompilerId.ptx" --embedded-fatbin="tmp/CMakeCUDACompilerId.fatbin.c" 
#$ gcc -E -x c++ -D__CUDACC__ -D__NVCC__  "-I/jet/packages/spack/opt/spack/linux-centos8-zen/gcc-8.3.1/cuda-11.1.1-a6ajxenobex5bvpejykhtnfut4arfpwh/bin/../targets/x86_64-linux/include"    -D__CUDACC_VER_MAJOR__=11 -D__CUDACC_VER_MINOR__=1 -D__CUDACC_VER_BUILD__=105 -D__CUDA_API_VER_MAJOR__=11 -D__CUDA_API_VER_MINOR__=1 -include "cuda_runtime.h" -m64 "CMakeCUDACompilerId.cu" -o "tmp/CMakeCUDACompilerId.cpp4.ii" 
#$ cudafe++ --c++14 --gnu_version=80301 --orig_src_file_name "CMakeCUDACompilerId.cu" --allow_managed  --m64 --parse_templates --gen_c_file_name "tmp/CMakeCUDACompilerId.cudafe1.cpp" --stub_file_name "CMakeCUDACompilerId.cudafe1.stub.c" --module_id_file_name "tmp/CMakeCUDACompilerId.module_id" "tmp/CMakeCUDACompilerId.cpp4.ii" 
#$ gcc -D__CUDA_ARCH__=520 -c -x c++  -DCUDA_DOUBLE_MATH_FUNCTIONS "-I/jet/packages/spack/opt/spack/linux-centos8-zen/gcc-8.3.1/cuda-11.1.1-a6ajxenobex5bvpejykhtnfut4arfpwh/bin/../targets/x86_64-linux/include"   -m64 "tmp/CMakeCUDACompilerId.cudafe1.cpp" -o "tmp/CMakeCUDACompilerId.o" 
#$ nvlink --arch=sm_52 --register-link-binaries="tmp/a_dlink.reg.c"  -m64   "-L/jet/packages/spack/opt/spack/linux-centos8-zen/gcc-8.3.1/cuda-11.1.1-a6ajxenobex5bvpejykhtnfut4arfpwh/bin/../targets/x86_64-linux/lib/stubs" "-L/jet/packages/spack/opt/spack/linux-centos8-zen/gcc-8.3.1/cuda-11.1.1-a6ajxenobex5bvpejykhtnfut4arfpwh/bin/../targets/x86_64-linux/lib" -cpu-arch=X86_64 "tmp/CMakeCUDACompilerId.o"  -lcudadevrt  -o "tmp/a_dlink.sm_52.cubin"
#$ fatbinary --create="tmp/a_dlink.fatbin" -64 --cicc-cmdline="-ftz=0 -prec_div=1 -prec_sqrt=1 -fmad=1 " -link "--image3=kind=elf,sm=52,file=tmp/a_dlink.sm_52.cubin" --embedded-fatbin="tmp/a_dlink.fatbin.c" 
#$ gcc -c -x c++ -DFATBINFILE="\"tmp/a_dlink.fatbin.c\"" -DREGISTERLINKBINARYFILE="\"tmp/a_dlink.reg.c\"" -I. -D__NV_EXTRA_INITIALIZATION= -D__NV_EXTRA_FINALIZATION= -D__CUDA_INCLUDE_COMPILER_INTERNAL_HEADERS__  "-I/jet/packages/spack/opt/spack/linux-centos8-zen/gcc-8.3.1/cuda-11.1.1-a6ajxenobex5bvpejykhtnfut4arfpwh/bin/../targets/x86_64-linux/include"    -D__CUDACC_VER_MAJOR__=11 -D__CUDACC_VER_MINOR__=1 -D__CUDACC_VER_BUILD__=105 -D__CUDA_API_VER_MAJOR__=11 -D__CUDA_API_VER_MINOR__=1 -m64 "/jet/packages/spack/opt/spack/linux-centos8-zen/gcc-8.3.1/cuda-11.1.1-a6ajxenobex5bvpejykhtnfut4arfpwh/bin/crt/link.stub" -o "tmp/a_dlink.o" 
#$ g++ -m64 -Wl,--start-group "tmp/a_dlink.o" "tmp/CMakeCUDACompilerId.o"   "-L/jet/packages/spack/opt/spack/linux-centos8-zen/gcc-8.3.1/cuda-11.1.1-a6ajxenobex5bvpejykhtnfut4arfpwh/bin/../targets/x86_64-linux/lib/stubs" "-L/jet/packages/spack/opt/spack/linux-centos8-zen/gcc-8.3.1/cuda-11.1.1-a6ajxenobex5bvpejykhtnfut4arfpwh/bin/../targets/x86_64-linux/lib"  -lcudadevrt  -lcudart_static  -lrt -lpthread  -ldl  -Wl,--end-group -o "a.out" 


Compilation of the CUDA compiler identification source "CMakeCUDACompilerId.cu" produced "a.out"

The CUDA compiler identification is NVIDIA, found in "/jet/home/xuan1998/CS267-Project/build/CMakeFiles/3.11.4/CompilerIdCUDA/a.out"

Parsed CUDA nvcc implicit link information from above output:
  found 'PATH=' string: [/jet/packages/spack/opt/spack/linux-centos8-zen/gcc-8.3.1/cuda-11.1.1-a6ajxenobex5bvpejykhtnfut4arfpwh/bin/../nvvm/bin:/jet/packages/spack/opt/spack/linux-centos8-zen/gcc-8.3.1/cuda-11.1.1-a6ajxenobex5bvpejykhtnfut4arfpwh/bin:/jet/packages/spack/opt/spack/linux-centos8-zen/gcc-8.3.1/cuda-11.1.1-a6ajxenobex5bvpejykhtnfut4arfpwh/bin:/jet/home/xuan1998/.local/bin:/jet/home/xuan1998/bin:/opt/packages/allocations/bin:/jet/home/xuan1998/.vscode-server/bin/dfd34e8260c270da74b5c2d86d61aee4b6d56977/bin/remote-cli:/usr/local/bin:/usr/bin:/usr/local/sbin:/usr/sbin:/bin:/opt/packages/interact/bin:/opt/puppetlabs/bin]
  found 'LIBRARIES=' string: ["-L/jet/packages/spack/opt/spack/linux-centos8-zen/gcc-8.3.1/cuda-11.1.1-a6ajxenobex5bvpejykhtnfut4arfpwh/bin/../targets/x86_64-linux/lib/stubs" "-L/jet/packages/spack/opt/spack/linux-centos8-zen/gcc-8.3.1/cuda-11.1.1-a6ajxenobex5bvpejykhtnfut4arfpwh/bin/../targets/x86_64-linux/lib"]
  considering line: [#$ rm tmp/a_dlink.reg.c]
  considering line: [gcc -D__CUDA_ARCH__=520 -E -x c++  -DCUDA_DOUBLE_MATH_FUNCTIONS -D__CUDACC__ -D__NVCC__  "-I/jet/packages/spack/opt/spack/linux-centos8-zen/gcc-8.3.1/cuda-11.1.1-a6ajxenobex5bvpejykhtnfut4arfpwh/bin/../targets/x86_64-linux/include"    -D__CUDACC_VER_MAJOR__=11 -D__CUDACC_VER_MINOR__=1 -D__CUDACC_VER_BUILD__=105 -D__CUDA_API_VER_MAJOR__=11 -D__CUDA_API_VER_MINOR__=1 -include "cuda_runtime.h" -m64 "CMakeCUDACompilerId.cu" -o "tmp/CMakeCUDACompilerId.cpp1.ii" ]
  considering line: [cicc --c++14 --gnu_version=80301 --orig_src_file_name "CMakeCUDACompilerId.cu" --allow_managed   -arch compute_52 -m64 -ftz=0 -prec_div=1 -prec_sqrt=1 -fmad=1 --include_file_name "CMakeCUDACompilerId.fatbin.c" -tused -nvvmir-library "/jet/packages/spack/opt/spack/linux-centos8-zen/gcc-8.3.1/cuda-11.1.1-a6ajxenobex5bvpejykhtnfut4arfpwh/bin/../nvvm/libdevice/libdevice.10.bc" --gen_module_id_file --module_id_file_name "tmp/CMakeCUDACompilerId.module_id" --gen_c_file_name "tmp/CMakeCUDACompilerId.cudafe1.c" --stub_file_name "tmp/CMakeCUDACompilerId.cudafe1.stub.c" --gen_device_file_name "tmp/CMakeCUDACompilerId.cudafe1.gpu"  "tmp/CMakeCUDACompilerId.cpp1.ii" -o "tmp/CMakeCUDACompilerId.ptx"]
  considering line: [ptxas -arch=sm_52 -m64  "tmp/CMakeCUDACompilerId.ptx"  -o "tmp/CMakeCUDACompilerId.sm_52.cubin" ]
  considering line: [fatbinary --create="tmp/CMakeCUDACompilerId.fatbin" -64 --cicc-cmdline="-ftz=0 -prec_div=1 -prec_sqrt=1 -fmad=1 " "--image3=kind=elf,sm=52,file=tmp/CMakeCUDACompilerId.sm_52.cubin" "--image3=kind=ptx,sm=52,file=tmp/CMakeCUDACompilerId.ptx" --embedded-fatbin="tmp/CMakeCUDACompilerId.fatbin.c" ]
  considering line: [gcc -E -x c++ -D__CUDACC__ -D__NVCC__  "-I/jet/packages/spack/opt/spack/linux-centos8-zen/gcc-8.3.1/cuda-11.1.1-a6ajxenobex5bvpejykhtnfut4arfpwh/bin/../targets/x86_64-linux/include"    -D__CUDACC_VER_MAJOR__=11 -D__CUDACC_VER_MINOR__=1 -D__CUDACC_VER_BUILD__=105 -D__CUDA_API_VER_MAJOR__=11 -D__CUDA_API_VER_MINOR__=1 -include "cuda_runtime.h" -m64 "CMakeCUDACompilerId.cu" -o "tmp/CMakeCUDACompilerId.cpp4.ii" ]
  considering line: [cudafe++ --c++14 --gnu_version=80301 --orig_src_file_name "CMakeCUDACompilerId.cu" --allow_managed  --m64 --parse_templates --gen_c_file_name "tmp/CMakeCUDACompilerId.cudafe1.cpp" --stub_file_name "CMakeCUDACompilerId.cudafe1.stub.c" --module_id_file_name "tmp/CMakeCUDACompilerId.module_id" "tmp/CMakeCUDACompilerId.cpp4.ii" ]
  considering line: [gcc -D__CUDA_ARCH__=520 -c -x c++  -DCUDA_DOUBLE_MATH_FUNCTIONS "-I/jet/packages/spack/opt/spack/linux-centos8-zen/gcc-8.3.1/cuda-11.1.1-a6ajxenobex5bvpejykhtnfut4arfpwh/bin/../targets/x86_64-linux/include"   -m64 "tmp/CMakeCUDACompilerId.cudafe1.cpp" -o "tmp/CMakeCUDACompilerId.o" ]
  considering line: [nvlink --arch=sm_52 --register-link-binaries="tmp/a_dlink.reg.c"  -m64   "-L/jet/packages/spack/opt/spack/linux-centos8-zen/gcc-8.3.1/cuda-11.1.1-a6ajxenobex5bvpejykhtnfut4arfpwh/bin/../targets/x86_64-linux/lib/stubs" "-L/jet/packages/spack/opt/spack/linux-centos8-zen/gcc-8.3.1/cuda-11.1.1-a6ajxenobex5bvpejykhtnfut4arfpwh/bin/../targets/x86_64-linux/lib" -cpu-arch=X86_64 "tmp/CMakeCUDACompilerId.o"  -lcudadevrt  -o "tmp/a_dlink.sm_52.cubin"]
    ignoring nvlink line
  considering line: [fatbinary --create="tmp/a_dlink.fatbin" -64 --cicc-cmdline="-ftz=0 -prec_div=1 -prec_sqrt=1 -fmad=1 " -link "--image3=kind=elf,sm=52,file=tmp/a_dlink.sm_52.cubin" --embedded-fatbin="tmp/a_dlink.fatbin.c" ]
  considering line: [gcc -c -x c++ -DFATBINFILE="\"tmp/a_dlink.fatbin.c\"" -DREGISTERLINKBINARYFILE="\"tmp/a_dlink.reg.c\"" -I. -D__NV_EXTRA_INITIALIZATION= -D__NV_EXTRA_FINALIZATION= -D__CUDA_INCLUDE_COMPILER_INTERNAL_HEADERS__  "-I/jet/packages/spack/opt/spack/linux-centos8-zen/gcc-8.3.1/cuda-11.1.1-a6ajxenobex5bvpejykhtnfut4arfpwh/bin/../targets/x86_64-linux/include"    -D__CUDACC_VER_MAJOR__=11 -D__CUDACC_VER_MINOR__=1 -D__CUDACC_VER_BUILD__=105 -D__CUDA_API_VER_MAJOR__=11 -D__CUDA_API_VER_MINOR__=1 -m64 "/jet/packages/spack/opt/spack/linux-centos8-zen/gcc-8.3.1/cuda-11.1.1-a6ajxenobex5bvpejykhtnfut4arfpwh/bin/crt/link.stub" -o "tmp/a_dlink.o" ]
  considering line: [g++ -m64 -Wl,--start-group "tmp/a_dlink.o" "tmp/CMakeCUDACompilerId.o"   "-L/jet/packages/spack/opt/spack/linux-centos8-zen/gcc-8.3.1/cuda-11.1.1-a6ajxenobex5bvpejykhtnfut4arfpwh/bin/../targets/x86_64-linux/lib/stubs" "-L/jet/packages/spack/opt/spack/linux-centos8-zen/gcc-8.3.1/cuda-11.1.1-a6ajxenobex5bvpejykhtnfut4arfpwh/bin/../targets/x86_64-linux/lib"  -lcudadevrt  -lcudart_static  -lrt -lpthread  -ldl  -Wl,--end-group -o "a.out" ]
    extracted link line: [g++ -m64 -Wl,--start-group "tmp/a_dlink.o" "tmp/CMakeCUDACompilerId.o"   "-L/jet/packages/spack/opt/spack/linux-centos8-zen/gcc-8.3.1/cuda-11.1.1-a6ajxenobex5bvpejykhtnfut4arfpwh/bin/../targets/x86_64-linux/lib/stubs" "-L/jet/packages/spack/opt/spack/linux-centos8-zen/gcc-8.3.1/cuda-11.1.1-a6ajxenobex5bvpejykhtnfut4arfpwh/bin/../targets/x86_64-linux/lib"  -lcudadevrt  -lcudart_static  -lrt -lpthread  -ldl  -Wl,--end-group -o "a.out" ]
  considering line: []
  extracted link launcher name: [g++]
  found link launcher absolute path: [/usr/bin/g++]

  link line regex: [^( *|.*[/\])(ld|CMAKE_LINK_STARTFILE-NOTFOUND|([^/\]+-)?ld|collect2)[^/\]*( |$)]
  link line: [cuda-fake-ld g++ -m64 -Wl,--start-group "tmp/a_dlink.o" "tmp/CMakeCUDACompilerId.o"   "-L/jet/packages/spack/opt/spack/linux-centos8-zen/gcc-8.3.1/cuda-11.1.1-a6ajxenobex5bvpejykhtnfut4arfpwh/bin/../targets/x86_64-linux/lib/stubs" "-L/jet/packages/spack/opt/spack/linux-centos8-zen/gcc-8.3.1/cuda-11.1.1-a6ajxenobex5bvpejykhtnfut4arfpwh/bin/../targets/x86_64-linux/lib"  -lcudadevrt  -lcudart_static  -lrt -lpthread  -ldl  -Wl,--end-group -o "a.out" ]
    arg [cuda-fake-ld] ==> ignore
    arg [g++] ==> ignore
    arg [-m64] ==> ignore
    arg [-Wl,--start-group] ==> ignore
    arg [tmp/a_dlink.o] ==> ignore
    arg [tmp/CMakeCUDACompilerId.o] ==> ignore
    arg [-L/jet/packages/spack/opt/spack/linux-centos8-zen/gcc-8.3.1/cuda-11.1.1-a6ajxenobex5bvpejykhtnfut4arfpwh/bin/../targets/x86_64-linux/lib/stubs] ==> dir [/jet/packages/spack/opt/spack/linux-centos8-zen/gcc-8.3.1/cuda-11.1.1-a6ajxenobex5bvpejykhtnfut4arfpwh/bin/../targets/x86_64-linux/lib/stubs]
    arg [-L/jet/packages/spack/opt/spack/linux-centos8-zen/gcc-8.3.1/cuda-11.1.1-a6ajxenobex5bvpejykhtnfut4arfpwh/bin/../targets/x86_64-linux/lib] ==> dir [/jet/packages/spack/opt/spack/linux-centos8-zen/gcc-8.3.1/cuda-11.1.1-a6ajxenobex5bvpejykhtnfut4arfpwh/bin/../targets/x86_64-linux/lib]
    arg [-lcudadevrt] ==> lib [cudadevrt]
    arg [-lcudart_static] ==> lib [cudart_static]
    arg [-lrt] ==> lib [rt]
    arg [-lpthread] ==> lib [pthread]
    arg [-ldl] ==> lib [dl]
    arg [-Wl,--end-group] ==> ignore
    arg [-o] ==> ignore
    arg [a.out] ==> ignore
  collapse library dir [/jet/packages/spack/opt/spack/linux-centos8-zen/gcc-8.3.1/cuda-11.1.1-a6ajxenobex5bvpejykhtnfut4arfpwh/bin/../targets/x86_64-linux/lib/stubs] ==> [/jet/packages/spack/opt/spack/linux-centos8-zen/gcc-8.3.1/cuda-11.1.1-a6ajxenobex5bvpejykhtnfut4arfpwh/targets/x86_64-linux/lib/stubs]
  collapse library dir [/jet/packages/spack/opt/spack/linux-centos8-zen/gcc-8.3.1/cuda-11.1.1-a6ajxenobex5bvpejykhtnfut4arfpwh/bin/../targets/x86_64-linux/lib] ==> [/jet/packages/spack/opt/spack/linux-centos8-zen/gcc-8.3.1/cuda-11.1.1-a6ajxenobex5bvpejykhtnfut4arfpwh/targets/x86_64-linux/lib]
  implicit libs: [cudadevrt;cudart_static;rt;pthread;dl]
  implicit dirs: [/jet/packages/spack/opt/spack/linux-centos8-zen/gcc-8.3.1/cuda-11.1.1-a6ajxenobex5bvpejykhtnfut4arfpwh/targets/x86_64-linux/lib/stubs;/jet/packages/spack/opt/spack/linux-centos8-zen/gcc-8.3.1/cuda-11.1.1-a6ajxenobex5bvpejykhtnfut4arfpwh/targets/x86_64-linux/lib]
  implicit fwks: []


Parsed CUDA nvcc include information from above output:
  found 'PATH=' string: [/jet/packages/spack/opt/spack/linux-centos8-zen/gcc-8.3.1/cuda-11.1.1-a6ajxenobex5bvpejykhtnfut4arfpwh/bin/../nvvm/bin:/jet/packages/spack/opt/spack/linux-centos8-zen/gcc-8.3.1/cuda-11.1.1-a6ajxenobex5bvpejykhtnfut4arfpwh/bin:/jet/packages/spack/opt/spack/linux-centos8-zen/gcc-8.3.1/cuda-11.1.1-a6ajxenobex5bvpejykhtnfut4arfpwh/bin:/jet/home/xuan1998/.local/bin:/jet/home/xuan1998/bin:/opt/packages/allocations/bin:/jet/home/xuan1998/.vscode-server/bin/dfd34e8260c270da74b5c2d86d61aee4b6d56977/bin/remote-cli:/usr/local/bin:/usr/bin:/usr/local/sbin:/usr/sbin:/bin:/opt/packages/interact/bin:/opt/puppetlabs/bin]
  found 'LIBRARIES=' string: ["-L/jet/packages/spack/opt/spack/linux-centos8-zen/gcc-8.3.1/cuda-11.1.1-a6ajxenobex5bvpejykhtnfut4arfpwh/bin/../targets/x86_64-linux/lib/stubs" "-L/jet/packages/spack/opt/spack/linux-centos8-zen/gcc-8.3.1/cuda-11.1.1-a6ajxenobex5bvpejykhtnfut4arfpwh/bin/../targets/x86_64-linux/lib"]
  considering line: [#$ rm tmp/a_dlink.reg.c]
  considering line: [gcc -D__CUDA_ARCH__=520 -E -x c++  -DCUDA_DOUBLE_MATH_FUNCTIONS -D__CUDACC__ -D__NVCC__  "-I/jet/packages/spack/opt/spack/linux-centos8-zen/gcc-8.3.1/cuda-11.1.1-a6ajxenobex5bvpejykhtnfut4arfpwh/bin/../targets/x86_64-linux/include"    -D__CUDACC_VER_MAJOR__=11 -D__CUDACC_VER_MINOR__=1 -D__CUDACC_VER_BUILD__=105 -D__CUDA_API_VER_MAJOR__=11 -D__CUDA_API_VER_MINOR__=1 -include "cuda_runtime.h" -m64 "CMakeCUDACompilerId.cu" -o "tmp/CMakeCUDACompilerId.cpp1.ii" ]
  considering line: [cicc --c++14 --gnu_version=80301 --orig_src_file_name "CMakeCUDACompilerId.cu" --allow_managed   -arch compute_52 -m64 -ftz=0 -prec_div=1 -prec_sqrt=1 -fmad=1 --include_file_name "CMakeCUDACompilerId.fatbin.c" -tused -nvvmir-library "/jet/packages/spack/opt/spack/linux-centos8-zen/gcc-8.3.1/cuda-11.1.1-a6ajxenobex5bvpejykhtnfut4arfpwh/bin/../nvvm/libdevice/libdevice.10.bc" --gen_module_id_file --module_id_file_name "tmp/CMakeCUDACompilerId.module_id" --gen_c_file_name "tmp/CMakeCUDACompilerId.cudafe1.c" --stub_file_name "tmp/CMakeCUDACompilerId.cudafe1.stub.c" --gen_device_file_name "tmp/CMakeCUDACompilerId.cudafe1.gpu"  "tmp/CMakeCUDACompilerId.cpp1.ii" -o "tmp/CMakeCUDACompilerId.ptx"]
  considering line: [ptxas -arch=sm_52 -m64  "tmp/CMakeCUDACompilerId.ptx"  -o "tmp/CMakeCUDACompilerId.sm_52.cubin" ]
  considering line: [fatbinary --create="tmp/CMakeCUDACompilerId.fatbin" -64 --cicc-cmdline="-ftz=0 -prec_div=1 -prec_sqrt=1 -fmad=1 " "--image3=kind=elf,sm=52,file=tmp/CMakeCUDACompilerId.sm_52.cubin" "--image3=kind=ptx,sm=52,file=tmp/CMakeCUDACompilerId.ptx" --embedded-fatbin="tmp/CMakeCUDACompilerId.fatbin.c" ]
  considering line: [gcc -E -x c++ -D__CUDACC__ -D__NVCC__  "-I/jet/packages/spack/opt/spack/linux-centos8-zen/gcc-8.3.1/cuda-11.1.1-a6ajxenobex5bvpejykhtnfut4arfpwh/bin/../targets/x86_64-linux/include"    -D__CUDACC_VER_MAJOR__=11 -D__CUDACC_VER_MINOR__=1 -D__CUDACC_VER_BUILD__=105 -D__CUDA_API_VER_MAJOR__=11 -D__CUDA_API_VER_MINOR__=1 -include "cuda_runtime.h" -m64 "CMakeCUDACompilerId.cu" -o "tmp/CMakeCUDACompilerId.cpp4.ii" ]
  considering line: [cudafe++ --c++14 --gnu_version=80301 --orig_src_file_name "CMakeCUDACompilerId.cu" --allow_managed  --m64 --parse_templates --gen_c_file_name "tmp/CMakeCUDACompilerId.cudafe1.cpp" --stub_file_name "CMakeCUDACompilerId.cudafe1.stub.c" --module_id_file_name "tmp/CMakeCUDACompilerId.module_id" "tmp/CMakeCUDACompilerId.cpp4.ii" ]
  considering line: [gcc -D__CUDA_ARCH__=520 -c -x c++  -DCUDA_DOUBLE_MATH_FUNCTIONS "-I/jet/packages/spack/opt/spack/linux-centos8-zen/gcc-8.3.1/cuda-11.1.1-a6ajxenobex5bvpejykhtnfut4arfpwh/bin/../targets/x86_64-linux/include"   -m64 "tmp/CMakeCUDACompilerId.cudafe1.cpp" -o "tmp/CMakeCUDACompilerId.o" ]
  considering line: [nvlink --arch=sm_52 --register-link-binaries="tmp/a_dlink.reg.c"  -m64   "-L/jet/packages/spack/opt/spack/linux-centos8-zen/gcc-8.3.1/cuda-11.1.1-a6ajxenobex5bvpejykhtnfut4arfpwh/bin/../targets/x86_64-linux/lib/stubs" "-L/jet/packages/spack/opt/spack/linux-centos8-zen/gcc-8.3.1/cuda-11.1.1-a6ajxenobex5bvpejykhtnfut4arfpwh/bin/../targets/x86_64-linux/lib" -cpu-arch=X86_64 "tmp/CMakeCUDACompilerId.o"  -lcudadevrt  -o "tmp/a_dlink.sm_52.cubin"]
    ignoring nvlink line
  considering line: [fatbinary --create="tmp/a_dlink.fatbin" -64 --cicc-cmdline="-ftz=0 -prec_div=1 -prec_sqrt=1 -fmad=1 " -link "--image3=kind=elf,sm=52,file=tmp/a_dlink.sm_52.cubin" --embedded-fatbin="tmp/a_dlink.fatbin.c" ]
  considering line: [gcc -c -x c++ -DFATBINFILE="\"tmp/a_dlink.fatbin.c\"" -DREGISTERLINKBINARYFILE="\"tmp/a_dlink.reg.c\"" -I. -D__NV_EXTRA_INITIALIZATION= -D__NV_EXTRA_FINALIZATION= -D__CUDA_INCLUDE_COMPILER_INTERNAL_HEADERS__  "-I/jet/packages/spack/opt/spack/linux-centos8-zen/gcc-8.3.1/cuda-11.1.1-a6ajxenobex5bvpejykhtnfut4arfpwh/bin/../targets/x86_64-linux/include"    -D__CUDACC_VER_MAJOR__=11 -D__CUDACC_VER_MINOR__=1 -D__CUDACC_VER_BUILD__=105 -D__CUDA_API_VER_MAJOR__=11 -D__CUDA_API_VER_MINOR__=1 -m64 "/jet/packages/spack/opt/spack/linux-centos8-zen/gcc-8.3.1/cuda-11.1.1-a6ajxenobex5bvpejykhtnfut4arfpwh/bin/crt/link.stub" -o "tmp/a_dlink.o" ]
  considering line: [g++ -m64 -Wl,--start-group "tmp/a_dlink.o" "tmp/CMakeCUDACompilerId.o"   "-L/jet/packages/spack/opt/spack/linux-centos8-zen/gcc-8.3.1/cuda-11.1.1-a6ajxenobex5bvpejykhtnfut4arfpwh/bin/../targets/x86_64-linux/lib/stubs" "-L/jet/packages/spack/opt/spack/linux-centos8-zen/gcc-8.3.1/cuda-11.1.1-a6ajxenobex5bvpejykhtnfut4arfpwh/bin/../targets/x86_64-linux/lib"  -lcudadevrt  -lcudart_static  -lrt -lpthread  -ldl  -Wl,--end-group -o "a.out" ]
    extracted link line: [g++ -m64 -Wl,--start-group "tmp/a_dlink.o" "tmp/CMakeCUDACompilerId.o"   "-L/jet/packages/spack/opt/spack/linux-centos8-zen/gcc-8.3.1/cuda-11.1.1-a6ajxenobex5bvpejykhtnfut4arfpwh/bin/../targets/x86_64-linux/lib/stubs" "-L/jet/packages/spack/opt/spack/linux-centos8-zen/gcc-8.3.1/cuda-11.1.1-a6ajxenobex5bvpejykhtnfut4arfpwh/bin/../targets/x86_64-linux/lib"  -lcudadevrt  -lcudart_static  -lrt -lpthread  -ldl  -Wl,--end-group -o "a.out" ]
  considering line: []
  extracted link launcher name: [g++]
  found link launcher absolute path: [/usr/bin/g++]
  found 'INCLUDES=' string: ["-I/jet/packages/spack/opt/spack/linux-centos8-zen/gcc-8.3.1/cuda-11.1.1-a6ajxenobex5bvpejykhtnfut4arfpwh/bin/../targets/x86_64-linux/include"  ]

  link line regex: [^( *|.*[/\])(ld|CMAKE_LINK_STARTFILE-NOTFOUND|([^/\]+-)?ld|collect2)[^/\]*( |$)]
  link line: [cuda-fake-ld g++ -m64 -Wl,--start-group "tmp/a_dlink.o" "tmp/CMakeCUDACompilerId.o"   "-L/jet/packages/spack/opt/spack/linux-centos8-zen/gcc-8.3.1/cuda-11.1.1-a6ajxenobex5bvpejykhtnfut4arfpwh/bin/../targets/x86_64-linux/lib/stubs" "-L/jet/packages/spack/opt/spack/linux-centos8-zen/gcc-8.3.1/cuda-11.1.1-a6ajxenobex5bvpejykhtnfut4arfpwh/bin/../targets/x86_64-linux/lib"  -lcudadevrt  -lcudart_static  -lrt -lpthread  -ldl  -Wl,--end-group -o "a.out" ]
    arg [cuda-fake-ld] ==> ignore
    arg [g++] ==> ignore
    arg [-m64] ==> ignore
    arg [-Wl,--start-group] ==> ignore
    arg [tmp/a_dlink.o] ==> ignore
    arg [tmp/CMakeCUDACompilerId.o] ==> ignore
    arg [-L/jet/packages/spack/opt/spack/linux-centos8-zen/gcc-8.3.1/cuda-11.1.1-a6ajxenobex5bvpejykhtnfut4arfpwh/bin/../targets/x86_64-linux/lib/stubs] ==> dir [/jet/packages/spack/opt/spack/linux-centos8-zen/gcc-8.3.1/cuda-11.1.1-a6ajxenobex5bvpejykhtnfut4arfpwh/bin/../targets/x86_64-linux/lib/stubs]
    arg [-L/jet/packages/spack/opt/spack/linux-centos8-zen/gcc-8.3.1/cuda-11.1.1-a6ajxenobex5bvpejykhtnfut4arfpwh/bin/../targets/x86_64-linux/lib] ==> dir [/jet/packages/spack/opt/spack/linux-centos8-zen/gcc-8.3.1/cuda-11.1.1-a6ajxenobex5bvpejykhtnfut4arfpwh/bin/../targets/x86_64-linux/lib]
    arg [-lcudadevrt] ==> lib [cudadevrt]
    arg [-lcudart_static] ==> lib [cudart_static]
    arg [-lrt] ==> lib [rt]
    arg [-lpthread] ==> lib [pthread]
    arg [-ldl] ==> lib [dl]
    arg [-Wl,--end-group] ==> ignore
    arg [-o] ==> ignore
    arg [a.out] ==> ignore
  collapse library dir [/jet/packages/spack/opt/spack/linux-centos8-zen/gcc-8.3.1/cuda-11.1.1-a6ajxenobex5bvpejykhtnfut4arfpwh/bin/../targets/x86_64-linux/lib/stubs] ==> [/jet/packages/spack/opt/spack/linux-centos8-zen/gcc-8.3.1/cuda-11.1.1-a6ajxenobex5bvpejykhtnfut4arfpwh/targets/x86_64-linux/lib/stubs]
  collapse library dir [/jet/packages/spack/opt/spack/linux-centos8-zen/gcc-8.3.1/cuda-11.1.1-a6ajxenobex5bvpejykhtnfut4arfpwh/bin/../targets/x86_64-linux/lib] ==> [/jet/packages/spack/opt/spack/linux-centos8-zen/gcc-8.3.1/cuda-11.1.1-a6ajxenobex5bvpejykhtnfut4arfpwh/targets/x86_64-linux/lib]
  implicit libs: [cudadevrt;cudart_static;rt;pthread;dl]
  implicit dirs: [/jet/packages/spack/opt/spack/linux-centos8-zen/gcc-8.3.1/cuda-11.1.1-a6ajxenobex5bvpejykhtnfut4arfpwh/targets/x86_64-linux/lib/stubs;/jet/packages/spack/opt/spack/linux-centos8-zen/gcc-8.3.1/cuda-11.1.1-a6ajxenobex5bvpejykhtnfut4arfpwh/targets/x86_64-linux/lib]
  implicit fwks: []


Determining if the CUDA compiler works passed with the following output:
Change Dir: /jet/home/xuan1998/CS267-Project/build/CMakeFiles/CMakeTmp

Run Build Command:"/usr/bin/gmake" "cmTC_35524/fast"
/usr/bin/gmake -f CMakeFiles/cmTC_35524.dir/build.make CMakeFiles/cmTC_35524.dir/build
gmake[1]: Entering directory '/jet/home/xuan1998/CS267-Project/build/CMakeFiles/CMakeTmp'
Building CUDA object CMakeFiles/cmTC_35524.dir/main.cu.o
/jet/packages/spack/opt/spack/linux-centos8-zen/gcc-8.3.1/cuda-11.1.1-a6ajxenobex5bvpejykhtnfut4arfpwh/bin/nvcc     -x cu -c /jet/home/xuan1998/CS267-Project/build/CMakeFiles/CMakeTmp/main.cu -o CMakeFiles/cmTC_35524.dir/main.cu.o
Linking CUDA device code CMakeFiles/cmTC_35524.dir/cmake_device_link.o
/usr/bin/cmake -E cmake_link_script CMakeFiles/cmTC_35524.dir/dlink.txt --verbose=1
/jet/packages/spack/opt/spack/linux-centos8-zen/gcc-8.3.1/cuda-11.1.1-a6ajxenobex5bvpejykhtnfut4arfpwh/bin/nvcc     -Xcompiler=-fPIC -Wno-deprecated-gpu-targets -shared -dlink CMakeFiles/cmTC_35524.dir/main.cu.o -o CMakeFiles/cmTC_35524.dir/cmake_device_link.o 
Linking CUDA executable cmTC_35524
/usr/bin/cmake -E cmake_link_script CMakeFiles/cmTC_35524.dir/link.txt --verbose=1
/usr/bin/g++    CMakeFiles/cmTC_35524.dir/main.cu.o CMakeFiles/cmTC_35524.dir/cmake_device_link.o -o cmTC_35524  -L"/jet/packages/spack/opt/spack/linux-centos8-zen/gcc-8.3.1/cuda-11.1.1-a6ajxenobex5bvpejykhtnfut4arfpwh/targets/x86_64-linux/lib/stubs" -L"/jet/packages/spack/opt/spack/linux-centos8-zen/gcc-8.3.1/cuda-11.1.1-a6ajxenobex5bvpejykhtnfut4arfpwh/targets/x86_64-linux/lib" -lcudadevrt -lcudart_static -lrt -lpthread -ldl
gmake[1]: Leaving directory '/jet/home/xuan1998/CS267-Project/build/CMakeFiles/CMakeTmp'


Detecting CUDA compiler ABI info compiled with the following output:
Change Dir: /jet/home/xuan1998/CS267-Project/build/CMakeFiles/CMakeTmp

Run Build Command:"/usr/bin/gmake" "cmTC_783f6/fast"
/usr/bin/gmake -f CMakeFiles/cmTC_783f6.dir/build.make CMakeFiles/cmTC_783f6.dir/build
gmake[1]: Entering directory '/jet/home/xuan1998/CS267-Project/build/CMakeFiles/CMakeTmp'
Building CUDA object CMakeFiles/cmTC_783f6.dir/CMakeCUDACompilerABI.cu.o
/jet/packages/spack/opt/spack/linux-centos8-zen/gcc-8.3.1/cuda-11.1.1-a6ajxenobex5bvpejykhtnfut4arfpwh/bin/nvcc     -x cu -c /usr/share/cmake/Modules/CMakeCUDACompilerABI.cu -o CMakeFiles/cmTC_783f6.dir/CMakeCUDACompilerABI.cu.o
Linking CUDA device code CMakeFiles/cmTC_783f6.dir/cmake_device_link.o
/usr/bin/cmake -E cmake_link_script CMakeFiles/cmTC_783f6.dir/dlink.txt --verbose=1
/jet/packages/spack/opt/spack/linux-centos8-zen/gcc-8.3.1/cuda-11.1.1-a6ajxenobex5bvpejykhtnfut4arfpwh/bin/nvcc     -Xcompiler=-fPIC -Wno-deprecated-gpu-targets -shared -dlink CMakeFiles/cmTC_783f6.dir/CMakeCUDACompilerABI.cu.o -o CMakeFiles/cmTC_783f6.dir/cmake_device_link.o 
Linking CUDA executable cmTC_783f6
/usr/bin/cmake -E cmake_link_script CMakeFiles/cmTC_783f6.dir/link.txt --verbose=1
/usr/bin/g++   -v CMakeFiles/cmTC_783f6.dir/CMakeCUDACompilerABI.cu.o CMakeFiles/cmTC_783f6.dir/cmake_device_link.o -o cmTC_783f6  -L"/jet/packages/spack/opt/spack/linux-centos8-zen/gcc-8.3.1/cuda-11.1.1-a6ajxenobex5bvpejykhtnfut4arfpwh/targets/x86_64-linux/lib/stubs" -L"/jet/packages/spack/opt/spack/linux-centos8-zen/gcc-8.3.1/cuda-11.1.1-a6ajxenobex5bvpejykhtnfut4arfpwh/targets/x86_64-linux/lib" -lcudadevrt -lcudart_static -lrt -lpthread -ldl
Using built-in specs.
COLLECT_GCC=/usr/bin/g++
COLLECT_LTO_WRAPPER=/usr/libexec/gcc/x86_64-redhat-linux/8/lto-wrapper
OFFLOAD_TARGET_NAMES=nvptx-none
OFFLOAD_TARGET_DEFAULT=1
Target: x86_64-redhat-linux
Configured with: ../configure --enable-bootstrap --enable-languages=c,c++,fortran,lto --prefix=/usr --mandir=/usr/share/man --infodir=/usr/share/info --with-bugurl=http://bugzilla.redhat.com/bugzilla --enable-shared --enable-threads=posix --enable-checking=release --enable-multilib --with-system-zlib --enable-__cxa_atexit --disable-libunwind-exceptions --enable-gnu-unique-object --enable-linker-build-id --with-gcc-major-version-only --with-linker-hash-style=gnu --enable-plugin --enable-initfini-array --with-isl --disable-libmpx --enable-offload-targets=nvptx-none --without-cuda-driver --enable-gnu-indirect-function --enable-cet --with-tune=generic --with-arch_32=x86-64 --build=x86_64-redhat-linux
Thread model: posix
gcc version 8.3.1 20191121 (Red Hat 8.3.1-5) (GCC) 
COMPILER_PATH=/usr/libexec/gcc/x86_64-redhat-linux/8/:/usr/libexec/gcc/x86_64-redhat-linux/8/:/usr/libexec/gcc/x86_64-redhat-linux/:/usr/lib/gcc/x86_64-redhat-linux/8/:/usr/lib/gcc/x86_64-redhat-linux/
LIBRARY_PATH=/usr/lib/gcc/x86_64-redhat-linux/8/:/usr/lib/gcc/x86_64-redhat-linux/8/../../../../lib64/:/lib/../lib64/:/usr/lib/../lib64/:/jet/packages/spack/opt/spack/linux-centos8-zen/gcc-8.3.1/cuda-11.1.1-a6ajxenobex5bvpejykhtnfut4arfpwh/lib64/:/usr/lib/gcc/x86_64-redhat-linux/8/../../../:/lib/:/usr/lib/
COLLECT_GCC_OPTIONS='-v' '-o' 'cmTC_783f6' '-L/jet/packages/spack/opt/spack/linux-centos8-zen/gcc-8.3.1/cuda-11.1.1-a6ajxenobex5bvpejykhtnfut4arfpwh/targets/x86_64-linux/lib/stubs' '-L/jet/packages/spack/opt/spack/linux-centos8-zen/gcc-8.3.1/cuda-11.1.1-a6ajxenobex5bvpejykhtnfut4arfpwh/targets/x86_64-linux/lib' '-shared-libgcc' '-mtune=generic' '-march=x86-64'
 /usr/libexec/gcc/x86_64-redhat-linux/8/collect2 -plugin /usr/libexec/gcc/x86_64-redhat-linux/8/liblto_plugin.so -plugin-opt=/usr/libexec/gcc/x86_64-redhat-linux/8/lto-wrapper -plugin-opt=-fresolution=/tmp/ccaCdVEV.res -plugin-opt=-pass-through=-lgcc_s -plugin-opt=-pass-through=-lgcc -plugin-opt=-pass-through=-lc -plugin-opt=-pass-through=-lgcc_s -plugin-opt=-pass-through=-lgcc --build-id --no-add-needed --eh-frame-hdr --hash-style=gnu -m elf_x86_64 -dynamic-linker /lib64/ld-linux-x86-64.so.2 -o cmTC_783f6 /usr/lib/gcc/x86_64-redhat-linux/8/../../../../lib64/crt1.o /usr/lib/gcc/x86_64-redhat-linux/8/../../../../lib64/crti.o /usr/lib/gcc/x86_64-redhat-linux/8/crtbegin.o -L/jet/packages/spack/opt/spack/linux-centos8-zen/gcc-8.3.1/cuda-11.1.1-a6ajxenobex5bvpejykhtnfut4arfpwh/targets/x86_64-linux/lib/stubs -L/jet/packages/spack/opt/spack/linux-centos8-zen/gcc-8.3.1/cuda-11.1.1-a6ajxenobex5bvpejykhtnfut4arfpwh/targets/x86_64-linux/lib -L/usr/lib/gcc/x86_64-redhat-linux/8 -L/usr/lib/gcc/x86_64-redhat-linux/8/../../../../lib64 -L/lib/../lib64 -L/usr/lib/../lib64 -L/jet/packages/spack/opt/spack/linux-centos8-zen/gcc-8.3.1/cuda-11.1.1-a6ajxenobex5bvpejykhtnfut4arfpwh/lib64 -L/usr/lib/gcc/x86_64-redhat-linux/8/../../.. CMakeFiles/cmTC_783f6.dir/CMakeCUDACompilerABI.cu.o CMakeFiles/cmTC_783f6.dir/cmake_device_link.o -lcudadevrt -lcudart_static -lrt -lpthread -ldl -lstdc++ -lm -lgcc_s -lgcc -lc -lgcc_s -lgcc /usr/lib/gcc/x86_64-redhat-linux/8/crtend.o /usr/lib/gcc/x86_64-redhat-linux/8/../../../../lib64/crtn.o
COLLECT_GCC_OPTIONS='-v' '-o' 'cmTC_783f6' '-L/jet/packages/spack/opt/spack/linux-centos8-zen/gcc-8.3.1/cuda-11.1.1-a6ajxenobex5bvpejykhtnfut4arfpwh/targets/x86_64-linux/lib/stubs' '-L/jet/packages/spack/opt/spack/linux-centos8-zen/gcc-8.3.1/cuda-11.1.1-a6ajxenobex5bvpejykhtnfut4arfpwh/targets/x86_64-linux/lib' '-shared-libgcc' '-mtune=generic' '-march=x86-64'
gmake[1]: Leaving directory '/jet/home/xuan1998/CS267-Project/build/CMakeFiles/CMakeTmp'


Parsed CUDA implicit link information from above output:
  link line regex: [^( *|.*[/\])(ld|CMAKE_LINK_STARTFILE-NOTFOUND|([^/\]+-)?ld|collect2)[^/\]*( |$)]
  ignore line: [Change Dir: /jet/home/xuan1998/CS267-Project/build/CMakeFiles/CMakeTmp]
  ignore line: []
  ignore line: [Run Build Command:"/usr/bin/gmake" "cmTC_783f6/fast"]
  ignore line: [/usr/bin/gmake -f CMakeFiles/cmTC_783f6.dir/build.make CMakeFiles/cmTC_783f6.dir/build]
  ignore line: [gmake[1]: Entering directory '/jet/home/xuan1998/CS267-Project/build/CMakeFiles/CMakeTmp']
  ignore line: [Building CUDA object CMakeFiles/cmTC_783f6.dir/CMakeCUDACompilerABI.cu.o]
  ignore line: [/jet/packages/spack/opt/spack/linux-centos8-zen/gcc-8.3.1/cuda-11.1.1-a6ajxenobex5bvpejykhtnfut4arfpwh/bin/nvcc     -x cu -c /usr/share/cmake/Modules/CMakeCUDACompilerABI.cu -o CMakeFiles/cmTC_783f6.dir/CMakeCUDACompilerABI.cu.o]
  ignore line: [Linking CUDA device code CMakeFiles/cmTC_783f6.dir/cmake_device_link.o]
  ignore line: [/usr/bin/cmake -E cmake_link_script CMakeFiles/cmTC_783f6.dir/dlink.txt --verbose=1]
  ignore line: [/jet/packages/spack/opt/spack/linux-centos8-zen/gcc-8.3.1/cuda-11.1.1-a6ajxenobex5bvpejykhtnfut4arfpwh/bin/nvcc     -Xcompiler=-fPIC -Wno-deprecated-gpu-targets -shared -dlink CMakeFiles/cmTC_783f6.dir/CMakeCUDACompilerABI.cu.o -o CMakeFiles/cmTC_783f6.dir/cmake_device_link.o ]
  ignore line: [Linking CUDA executable cmTC_783f6]
  ignore line: [/usr/bin/cmake -E cmake_link_script CMakeFiles/cmTC_783f6.dir/link.txt --verbose=1]
  ignore line: [/usr/bin/g++   -v CMakeFiles/cmTC_783f6.dir/CMakeCUDACompilerABI.cu.o CMakeFiles/cmTC_783f6.dir/cmake_device_link.o -o cmTC_783f6  -L"/jet/packages/spack/opt/spack/linux-centos8-zen/gcc-8.3.1/cuda-11.1.1-a6ajxenobex5bvpejykhtnfut4arfpwh/targets/x86_64-linux/lib/stubs" -L"/jet/packages/spack/opt/spack/linux-centos8-zen/gcc-8.3.1/cuda-11.1.1-a6ajxenobex5bvpejykhtnfut4arfpwh/targets/x86_64-linux/lib" -lcudadevrt -lcudart_static -lrt -lpthread -ldl]
  ignore line: [Using built-in specs.]
  ignore line: [COLLECT_GCC=/usr/bin/g++]
  ignore line: [COLLECT_LTO_WRAPPER=/usr/libexec/gcc/x86_64-redhat-linux/8/lto-wrapper]
  ignore line: [OFFLOAD_TARGET_NAMES=nvptx-none]
  ignore line: [OFFLOAD_TARGET_DEFAULT=1]
  ignore line: [Target: x86_64-redhat-linux]
  ignore line: [Configured with: ../configure --enable-bootstrap --enable-languages=c,c++,fortran,lto --prefix=/usr --mandir=/usr/share/man --infodir=/usr/share/info --with-bugurl=http://bugzilla.redhat.com/bugzilla --enable-shared --enable-threads=posix --enable-checking=release --enable-multilib --with-system-zlib --enable-__cxa_atexit --disable-libunwind-exceptions --enable-gnu-unique-object --enable-linker-build-id --with-gcc-major-version-only --with-linker-hash-style=gnu --enable-plugin --enable-initfini-array --with-isl --disable-libmpx --enable-offload-targets=nvptx-none --without-cuda-driver --enable-gnu-indirect-function --enable-cet --with-tune=generic --with-arch_32=x86-64 --build=x86_64-redhat-linux]
  ignore line: [Thread model: posix]
  ignore line: [gcc version 8.3.1 20191121 (Red Hat 8.3.1-5) (GCC) ]
  ignore line: [COMPILER_PATH=/usr/libexec/gcc/x86_64-redhat-linux/8/:/usr/libexec/gcc/x86_64-redhat-linux/8/:/usr/libexec/gcc/x86_64-redhat-linux/:/usr/lib/gcc/x86_64-redhat-linux/8/:/usr/lib/gcc/x86_64-redhat-linux/]
  ignore line: [LIBRARY_PATH=/usr/lib/gcc/x86_64-redhat-linux/8/:/usr/lib/gcc/x86_64-redhat-linux/8/../../../../lib64/:/lib/../lib64/:/usr/lib/../lib64/:/jet/packages/spack/opt/spack/linux-centos8-zen/gcc-8.3.1/cuda-11.1.1-a6ajxenobex5bvpejykhtnfut4arfpwh/lib64/:/usr/lib/gcc/x86_64-redhat-linux/8/../../../:/lib/:/usr/lib/]
  ignore line: [COLLECT_GCC_OPTIONS='-v' '-o' 'cmTC_783f6' '-L/jet/packages/spack/opt/spack/linux-centos8-zen/gcc-8.3.1/cuda-11.1.1-a6ajxenobex5bvpejykhtnfut4arfpwh/targets/x86_64-linux/lib/stubs' '-L/jet/packages/spack/opt/spack/linux-centos8-zen/gcc-8.3.1/cuda-11.1.1-a6ajxenobex5bvpejykhtnfut4arfpwh/targets/x86_64-linux/lib' '-shared-libgcc' '-mtune=generic' '-march=x86-64']
  link line: [ /usr/libexec/gcc/x86_64-redhat-linux/8/collect2 -plugin /usr/libexec/gcc/x86_64-redhat-linux/8/liblto_plugin.so -plugin-opt=/usr/libexec/gcc/x86_64-redhat-linux/8/lto-wrapper -plugin-opt=-fresolution=/tmp/ccaCdVEV.res -plugin-opt=-pass-through=-lgcc_s -plugin-opt=-pass-through=-lgcc -plugin-opt=-pass-through=-lc -plugin-opt=-pass-through=-lgcc_s -plugin-opt=-pass-through=-lgcc --build-id --no-add-needed --eh-frame-hdr --hash-style=gnu -m elf_x86_64 -dynamic-linker /lib64/ld-linux-x86-64.so.2 -o cmTC_783f6 /usr/lib/gcc/x86_64-redhat-linux/8/../../../../lib64/crt1.o /usr/lib/gcc/x86_64-redhat-linux/8/../../../../lib64/crti.o /usr/lib/gcc/x86_64-redhat-linux/8/crtbegin.o -L/jet/packages/spack/opt/spack/linux-centos8-zen/gcc-8.3.1/cuda-11.1.1-a6ajxenobex5bvpejykhtnfut4arfpwh/targets/x86_64-linux/lib/stubs -L/jet/packages/spack/opt/spack/linux-centos8-zen/gcc-8.3.1/cuda-11.1.1-a6ajxenobex5bvpejykhtnfut4arfpwh/targets/x86_64-linux/lib -L/usr/lib/gcc/x86_64-redhat-linux/8 -L/usr/lib/gcc/x86_64-redhat-linux/8/../../../../lib64 -L/lib/../lib64 -L/usr/lib/../lib64 -L/jet/packages/spack/opt/spack/linux-centos8-zen/gcc-8.3.1/cuda-11.1.1-a6ajxenobex5bvpejykhtnfut4arfpwh/lib64 -L/usr/lib/gcc/x86_64-redhat-linux/8/../../.. CMakeFiles/cmTC_783f6.dir/CMakeCUDACompilerABI.cu.o CMakeFiles/cmTC_783f6.dir/cmake_device_link.o -lcudadevrt -lcudart_static -lrt -lpthread -ldl -lstdc++ -lm -lgcc_s -lgcc -lc -lgcc_s -lgcc /usr/lib/gcc/x86_64-redhat-linux/8/crtend.o /usr/lib/gcc/x86_64-redhat-linux/8/../../../../lib64/crtn.o]
    arg [/usr/libexec/gcc/x86_64-redhat-linux/8/collect2] ==> ignore
    arg [-plugin] ==> ignore
    arg [/usr/libexec/gcc/x86_64-redhat-linux/8/liblto_plugin.so] ==> ignore
    arg [-plugin-opt=/usr/libexec/gcc/x86_64-redhat-linux/8/lto-wrapper] ==> ignore
    arg [-plugin-opt=-fresolution=/tmp/ccaCdVEV.res] ==> ignore
    arg [-plugin-opt=-pass-through=-lgcc_s] ==> ignore
    arg [-plugin-opt=-pass-through=-lgcc] ==> ignore
    arg [-plugin-opt=-pass-through=-lc] ==> ignore
    arg [-plugin-opt=-pass-through=-lgcc_s] ==> ignore
    arg [-plugin-opt=-pass-through=-lgcc] ==> ignore
    arg [--build-id] ==> ignore
    arg [--no-add-needed] ==> ignore
    arg [--eh-frame-hdr] ==> ignore
    arg [--hash-style=gnu] ==> ignore
    arg [-m] ==> ignore
    arg [elf_x86_64] ==> ignore
    arg [-dynamic-linker] ==> ignore
    arg [/lib64/ld-linux-x86-64.so.2] ==> ignore
    arg [-o] ==> ignore
    arg [cmTC_783f6] ==> ignore
    arg [/usr/lib/gcc/x86_64-redhat-linux/8/../../../../lib64/crt1.o] ==> ignore
    arg [/usr/lib/gcc/x86_64-redhat-linux/8/../../../../lib64/crti.o] ==> ignore
    arg [/usr/lib/gcc/x86_64-redhat-linux/8/crtbegin.o] ==> ignore
    arg [-L/jet/packages/spack/opt/spack/linux-centos8-zen/gcc-8.3.1/cuda-11.1.1-a6ajxenobex5bvpejykhtnfut4arfpwh/targets/x86_64-linux/lib/stubs] ==> dir [/jet/packages/spack/opt/spack/linux-centos8-zen/gcc-8.3.1/cuda-11.1.1-a6ajxenobex5bvpejykhtnfut4arfpwh/targets/x86_64-linux/lib/stubs]
    arg [-L/jet/packages/spack/opt/spack/linux-centos8-zen/gcc-8.3.1/cuda-11.1.1-a6ajxenobex5bvpejykhtnfut4arfpwh/targets/x86_64-linux/lib] ==> dir [/jet/packages/spack/opt/spack/linux-centos8-zen/gcc-8.3.1/cuda-11.1.1-a6ajxenobex5bvpejykhtnfut4arfpwh/targets/x86_64-linux/lib]
    arg [-L/usr/lib/gcc/x86_64-redhat-linux/8] ==> dir [/usr/lib/gcc/x86_64-redhat-linux/8]
    arg [-L/usr/lib/gcc/x86_64-redhat-linux/8/../../../../lib64] ==> dir [/usr/lib/gcc/x86_64-redhat-linux/8/../../../../lib64]
    arg [-L/lib/../lib64] ==> dir [/lib/../lib64]
    arg [-L/usr/lib/../lib64] ==> dir [/usr/lib/../lib64]
    arg [-L/jet/packages/spack/opt/spack/linux-centos8-zen/gcc-8.3.1/cuda-11.1.1-a6ajxenobex5bvpejykhtnfut4arfpwh/lib64] ==> dir [/jet/packages/spack/opt/spack/linux-centos8-zen/gcc-8.3.1/cuda-11.1.1-a6ajxenobex5bvpejykhtnfut4arfpwh/lib64]
    arg [-L/usr/lib/gcc/x86_64-redhat-linux/8/../../..] ==> dir [/usr/lib/gcc/x86_64-redhat-linux/8/../../..]
    arg [CMakeFiles/cmTC_783f6.dir/CMakeCUDACompilerABI.cu.o] ==> ignore
    arg [CMakeFiles/cmTC_783f6.dir/cmake_device_link.o] ==> ignore
    arg [-lcudadevrt] ==> lib [cudadevrt]
    arg [-lcudart_static] ==> lib [cudart_static]
    arg [-lrt] ==> lib [rt]
    arg [-lpthread] ==> lib [pthread]
    arg [-ldl] ==> lib [dl]
    arg [-lstdc++] ==> lib [stdc++]
    arg [-lm] ==> lib [m]
    arg [-lgcc_s] ==> lib [gcc_s]
    arg [-lgcc] ==> lib [gcc]
    arg [-lc] ==> lib [c]
    arg [-lgcc_s] ==> lib [gcc_s]
    arg [-lgcc] ==> lib [gcc]
    arg [/usr/lib/gcc/x86_64-redhat-linux/8/crtend.o] ==> ignore
    arg [/usr/lib/gcc/x86_64-redhat-linux/8/../../../../lib64/crtn.o] ==> ignore
  collapse library dir [/jet/packages/spack/opt/spack/linux-centos8-zen/gcc-8.3.1/cuda-11.1.1-a6ajxenobex5bvpejykhtnfut4arfpwh/targets/x86_64-linux/lib/stubs] ==> [/jet/packages/spack/opt/spack/linux-centos8-zen/gcc-8.3.1/cuda-11.1.1-a6ajxenobex5bvpejykhtnfut4arfpwh/targets/x86_64-linux/lib/stubs]
  collapse library dir [/jet/packages/spack/opt/spack/linux-centos8-zen/gcc-8.3.1/cuda-11.1.1-a6ajxenobex5bvpejykhtnfut4arfpwh/targets/x86_64-linux/lib] ==> [/jet/packages/spack/opt/spack/linux-centos8-zen/gcc-8.3.1/cuda-11.1.1-a6ajxenobex5bvpejykhtnfut4arfpwh/targets/x86_64-linux/lib]
  collapse library dir [/usr/lib/gcc/x86_64-redhat-linux/8] ==> [/usr/lib/gcc/x86_64-redhat-linux/8]
  collapse library dir [/usr/lib/gcc/x86_64-redhat-linux/8/../../../../lib64] ==> [/usr/lib64]
  collapse library dir [/lib/../lib64] ==> [/lib64]
  collapse library dir [/usr/lib/../lib64] ==> [/usr/lib64]
  collapse library dir [/jet/packages/spack/opt/spack/linux-centos8-zen/gcc-8.3.1/cuda-11.1.1-a6ajxenobex5bvpejykhtnfut4arfpwh/lib64] ==> [/jet/packages/spack/opt/spack/linux-centos8-zen/gcc-8.3.1/cuda-11.1.1-a6ajxenobex5bvpejykhtnfut4arfpwh/lib64]
  collapse library dir [/usr/lib/gcc/x86_64-redhat-linux/8/../../..] ==> [/usr/lib]
  implicit libs: [cudadevrt;cudart_static;rt;pthread;dl;stdc++;m;gcc_s;gcc;c;gcc_s;gcc]
  implicit dirs: [/jet/packages/spack/opt/spack/linux-centos8-zen/gcc-8.3.1/cuda-11.1.1-a6ajxenobex5bvpejykhtnfut4arfpwh/targets/x86_64-linux/lib/stubs;/jet/packages/spack/opt/spack/linux-centos8-zen/gcc-8.3.1/cuda-11.1.1-a6ajxenobex5bvpejykhtnfut4arfpwh/targets/x86_64-linux/lib;/usr/lib/gcc/x86_64-redhat-linux/8;/usr/lib64;/lib64;/jet/packages/spack/opt/spack/linux-centos8-zen/gcc-8.3.1/cuda-11.1.1-a6ajxenobex5bvpejykhtnfut4arfpwh/lib64;/usr/lib]
  implicit fwks: []


